ERROR - 2025-11-18 15:24:13 --> mysqli_sql_exception: Unknown column 'students.career_id' in 'on clause' in C:\xampp\htdocs\WorkshopsISW613\week8\system\Database\MySQLi\Connection.php:327
Stack trace:
#0 C:\xampp\htdocs\WorkshopsISW613\week8\system\Database\MySQLi\Connection.php(327): mysqli->query('SELECT `student...', 0)
#1 C:\xampp\htdocs\WorkshopsISW613\week8\system\Database\BaseConnection.php(729): CodeIgniter\Database\MySQLi\Connection->execute('SELECT `student...')
#2 C:\xampp\htdocs\WorkshopsISW613\week8\system\Database\BaseConnection.php(646): CodeIgniter\Database\BaseConnection->simpleQuery('SELECT `student...')
#3 C:\xampp\htdocs\WorkshopsISW613\week8\system\Database\BaseBuilder.php(1649): CodeIgniter\Database\BaseConnection->query('SELECT `student...', Array, false)
#4 C:\xampp\htdocs\WorkshopsISW613\week8\system\Model.php(286): CodeIgniter\Database\BaseBuilder->get()
#5 C:\xampp\htdocs\WorkshopsISW613\week8\system\BaseModel.php(677): CodeIgniter\Model->doFindAll(0, 0)
#6 C:\xampp\htdocs\WorkshopsISW613\week8\app\Models\StudentModel.php(56): CodeIgniter\BaseModel->findAll()
#7 C:\xampp\htdocs\WorkshopsISW613\week8\app\Controllers\Student.php(22): App\Models\StudentModel->getStudentsWithCareers()
#8 C:\xampp\htdocs\WorkshopsISW613\week8\system\CodeIgniter.php(933): App\Controllers\Student->index()
#9 C:\xampp\htdocs\WorkshopsISW613\week8\system\CodeIgniter.php(507): CodeIgniter\CodeIgniter->runController(Object(App\Controllers\Student))
#10 C:\xampp\htdocs\WorkshopsISW613\week8\system\CodeIgniter.php(354): CodeIgniter\CodeIgniter->handleRequest(NULL, Object(Config\Cache), false)
#11 C:\xampp\htdocs\WorkshopsISW613\week8\system\Boot.php(363): CodeIgniter\CodeIgniter->run()
#12 C:\xampp\htdocs\WorkshopsISW613\week8\system\Boot.php(68): CodeIgniter\Boot::runCodeIgniter(Object(CodeIgniter\CodeIgniter))
#13 C:\xampp\htdocs\WorkshopsISW613\week8\public\index.php(59): CodeIgniter\Boot::bootWeb(Object(Config\Paths))
#14 C:\xampp\htdocs\WorkshopsISW613\week8\system\rewrite.php(44): require_once('C:\\xampp\\htdocs...')
#15 {main}
CRITICAL - 2025-11-18 15:24:13 --> CodeIgniter\Database\Exceptions\DatabaseException: Unknown column 'students.career_id' in 'on clause'
[Method: GET, Route: /]
in SYSTEMPATH\Database\BaseConnection.php on line 684.
 1 SYSTEMPATH\Database\BaseBuilder.php(1649): CodeIgniter\Database\BaseConnection->query('SELECT `students`.*, `careers`.`name` as `career_name`
FROM `students`
LEFT JOIN `careers` ON `careers`.`id` = `students`.`career_id`', [], false)
 2 SYSTEMPATH\Model.php(286): CodeIgniter\Database\BaseBuilder->get()
 3 SYSTEMPATH\BaseModel.php(677): CodeIgniter\Model->doFindAll(0, 0)
 4 APPPATH\Models\StudentModel.php(56): CodeIgniter\BaseModel->findAll()
 5 APPPATH\Controllers\Student.php(22): App\Models\StudentModel->getStudentsWithCareers()
 6 SYSTEMPATH\CodeIgniter.php(933): App\Controllers\Student->index()
 7 SYSTEMPATH\CodeIgniter.php(507): CodeIgniter\CodeIgniter->runController(Object(App\Controllers\Student))
 8 SYSTEMPATH\CodeIgniter.php(354): CodeIgniter\CodeIgniter->handleRequest(null, Object(Config\Cache), false)
 9 SYSTEMPATH\Boot.php(363): CodeIgniter\CodeIgniter->run()
10 SYSTEMPATH\Boot.php(68): CodeIgniter\Boot::runCodeIgniter(Object(CodeIgniter\CodeIgniter))
11 FCPATH\index.php(59): CodeIgniter\Boot::bootWeb(Object(Config\Paths))
12 SYSTEMPATH\rewrite.php(44): require_once('C:\\xampp\\htdocs\\WorkshopsISW613\\week8\\public\\index.php')
CRITICAL - 2025-11-18 15:24:13 --> [Caused by] CodeIgniter\Database\Exceptions\DatabaseException: Unknown column 'students.career_id' in 'on clause'
in SYSTEMPATH\Database\MySQLi\Connection.php on line 332.
 1 SYSTEMPATH\Database\BaseConnection.php(729): CodeIgniter\Database\MySQLi\Connection->execute('SELECT `students`.*, `careers`.`name` as `career_name`
FROM `students`
LEFT JOIN `careers` ON `careers`.`id` = `students`.`career_id`')
 2 SYSTEMPATH\Database\BaseConnection.php(646): CodeIgniter\Database\BaseConnection->simpleQuery('SELECT `students`.*, `careers`.`name` as `career_name`
FROM `students`
LEFT JOIN `careers` ON `careers`.`id` = `students`.`career_id`')
 3 SYSTEMPATH\Database\BaseBuilder.php(1649): CodeIgniter\Database\BaseConnection->query('SELECT `students`.*, `careers`.`name` as `career_name`
FROM `students`
LEFT JOIN `careers` ON `careers`.`id` = `students`.`career_id`', [], false)
 4 SYSTEMPATH\Model.php(286): CodeIgniter\Database\BaseBuilder->get()
 5 SYSTEMPATH\BaseModel.php(677): CodeIgniter\Model->doFindAll(0, 0)
 6 APPPATH\Models\StudentModel.php(56): CodeIgniter\BaseModel->findAll()
 7 APPPATH\Controllers\Student.php(22): App\Models\StudentModel->getStudentsWithCareers()
 8 SYSTEMPATH\CodeIgniter.php(933): App\Controllers\Student->index()
 9 SYSTEMPATH\CodeIgniter.php(507): CodeIgniter\CodeIgniter->runController(Object(App\Controllers\Student))
10 SYSTEMPATH\CodeIgniter.php(354): CodeIgniter\CodeIgniter->handleRequest(null, Object(Config\Cache), false)
11 SYSTEMPATH\Boot.php(363): CodeIgniter\CodeIgniter->run()
12 SYSTEMPATH\Boot.php(68): CodeIgniter\Boot::runCodeIgniter(Object(CodeIgniter\CodeIgniter))
13 FCPATH\index.php(59): CodeIgniter\Boot::bootWeb(Object(Config\Paths))
14 SYSTEMPATH\rewrite.php(44): require_once('C:\\xampp\\htdocs\\WorkshopsISW613\\week8\\public\\index.php')
CRITICAL - 2025-11-18 15:24:13 --> [Caused by] mysqli_sql_exception: Unknown column 'students.career_id' in 'on clause'
in SYSTEMPATH\Database\MySQLi\Connection.php on line 327.
 1 SYSTEMPATH\Database\MySQLi\Connection.php(327): mysqli->query('SELECT `students`.*, `careers`.`name` as `career_name`
FROM `students`
LEFT JOIN `careers` ON `careers`.`id` = `students`.`career_id`', 0)
 2 SYSTEMPATH\Database\BaseConnection.php(729): CodeIgniter\Database\MySQLi\Connection->execute('SELECT `students`.*, `careers`.`name` as `career_name`
FROM `students`
LEFT JOIN `careers` ON `careers`.`id` = `students`.`career_id`')
 3 SYSTEMPATH\Database\BaseConnection.php(646): CodeIgniter\Database\BaseConnection->simpleQuery('SELECT `students`.*, `careers`.`name` as `career_name`
FROM `students`
LEFT JOIN `careers` ON `careers`.`id` = `students`.`career_id`')
 4 SYSTEMPATH\Database\BaseBuilder.php(1649): CodeIgniter\Database\BaseConnection->query('SELECT `students`.*, `careers`.`name` as `career_name`
FROM `students`
LEFT JOIN `careers` ON `careers`.`id` = `students`.`career_id`', [], false)
 5 SYSTEMPATH\Model.php(286): CodeIgniter\Database\BaseBuilder->get()
 6 SYSTEMPATH\BaseModel.php(677): CodeIgniter\Model->doFindAll(0, 0)
 7 APPPATH\Models\StudentModel.php(56): CodeIgniter\BaseModel->findAll()
 8 APPPATH\Controllers\Student.php(22): App\Models\StudentModel->getStudentsWithCareers()
 9 SYSTEMPATH\CodeIgniter.php(933): App\Controllers\Student->index()
10 SYSTEMPATH\CodeIgniter.php(507): CodeIgniter\CodeIgniter->runController(Object(App\Controllers\Student))
11 SYSTEMPATH\CodeIgniter.php(354): CodeIgniter\CodeIgniter->handleRequest(null, Object(Config\Cache), false)
12 SYSTEMPATH\Boot.php(363): CodeIgniter\CodeIgniter->run()
13 SYSTEMPATH\Boot.php(68): CodeIgniter\Boot::runCodeIgniter(Object(CodeIgniter\CodeIgniter))
14 FCPATH\index.php(59): CodeIgniter\Boot::bootWeb(Object(Config\Paths))
15 SYSTEMPATH\rewrite.php(44): require_once('C:\\xampp\\htdocs\\WorkshopsISW613\\week8\\public\\index.php')
ERROR - 2025-11-18 15:24:30 --> mysqli_sql_exception: Unknown column 'students.career_id' in 'on clause' in C:\xampp\htdocs\WorkshopsISW613\week8\system\Database\MySQLi\Connection.php:327
Stack trace:
#0 C:\xampp\htdocs\WorkshopsISW613\week8\system\Database\MySQLi\Connection.php(327): mysqli->query('SELECT `student...', 0)
#1 C:\xampp\htdocs\WorkshopsISW613\week8\system\Database\BaseConnection.php(729): CodeIgniter\Database\MySQLi\Connection->execute('SELECT `student...')
#2 C:\xampp\htdocs\WorkshopsISW613\week8\system\Database\BaseConnection.php(646): CodeIgniter\Database\BaseConnection->simpleQuery('SELECT `student...')
#3 C:\xampp\htdocs\WorkshopsISW613\week8\system\Database\BaseBuilder.php(1649): CodeIgniter\Database\BaseConnection->query('SELECT `student...', Array, false)
#4 C:\xampp\htdocs\WorkshopsISW613\week8\system\Model.php(286): CodeIgniter\Database\BaseBuilder->get()
#5 C:\xampp\htdocs\WorkshopsISW613\week8\system\BaseModel.php(677): CodeIgniter\Model->doFindAll(0, 0)
#6 C:\xampp\htdocs\WorkshopsISW613\week8\app\Models\StudentModel.php(56): CodeIgniter\BaseModel->findAll()
#7 C:\xampp\htdocs\WorkshopsISW613\week8\app\Controllers\Student.php(22): App\Models\StudentModel->getStudentsWithCareers()
#8 C:\xampp\htdocs\WorkshopsISW613\week8\system\CodeIgniter.php(933): App\Controllers\Student->index()
#9 C:\xampp\htdocs\WorkshopsISW613\week8\system\CodeIgniter.php(507): CodeIgniter\CodeIgniter->runController(Object(App\Controllers\Student))
#10 C:\xampp\htdocs\WorkshopsISW613\week8\system\CodeIgniter.php(354): CodeIgniter\CodeIgniter->handleRequest(NULL, Object(Config\Cache), false)
#11 C:\xampp\htdocs\WorkshopsISW613\week8\system\Boot.php(363): CodeIgniter\CodeIgniter->run()
#12 C:\xampp\htdocs\WorkshopsISW613\week8\system\Boot.php(68): CodeIgniter\Boot::runCodeIgniter(Object(CodeIgniter\CodeIgniter))
#13 C:\xampp\htdocs\WorkshopsISW613\week8\public\index.php(59): CodeIgniter\Boot::bootWeb(Object(Config\Paths))
#14 C:\xampp\htdocs\WorkshopsISW613\week8\system\rewrite.php(44): require_once('C:\\xampp\\htdocs...')
#15 {main}
CRITICAL - 2025-11-18 15:24:30 --> CodeIgniter\Database\Exceptions\DatabaseException: Unknown column 'students.career_id' in 'on clause'
[Method: GET, Route: students]
in SYSTEMPATH\Database\BaseConnection.php on line 684.
 1 SYSTEMPATH\Database\BaseBuilder.php(1649): CodeIgniter\Database\BaseConnection->query('SELECT `students`.*, `careers`.`name` as `career_name`
FROM `students`
LEFT JOIN `careers` ON `careers`.`id` = `students`.`career_id`', [], false)
 2 SYSTEMPATH\Model.php(286): CodeIgniter\Database\BaseBuilder->get()
 3 SYSTEMPATH\BaseModel.php(677): CodeIgniter\Model->doFindAll(0, 0)
 4 APPPATH\Models\StudentModel.php(56): CodeIgniter\BaseModel->findAll()
 5 APPPATH\Controllers\Student.php(22): App\Models\StudentModel->getStudentsWithCareers()
 6 SYSTEMPATH\CodeIgniter.php(933): App\Controllers\Student->index()
 7 SYSTEMPATH\CodeIgniter.php(507): CodeIgniter\CodeIgniter->runController(Object(App\Controllers\Student))
 8 SYSTEMPATH\CodeIgniter.php(354): CodeIgniter\CodeIgniter->handleRequest(null, Object(Config\Cache), false)
 9 SYSTEMPATH\Boot.php(363): CodeIgniter\CodeIgniter->run()
10 SYSTEMPATH\Boot.php(68): CodeIgniter\Boot::runCodeIgniter(Object(CodeIgniter\CodeIgniter))
11 FCPATH\index.php(59): CodeIgniter\Boot::bootWeb(Object(Config\Paths))
12 SYSTEMPATH\rewrite.php(44): require_once('C:\\xampp\\htdocs\\WorkshopsISW613\\week8\\public\\index.php')
CRITICAL - 2025-11-18 15:24:30 --> [Caused by] CodeIgniter\Database\Exceptions\DatabaseException: Unknown column 'students.career_id' in 'on clause'
in SYSTEMPATH\Database\MySQLi\Connection.php on line 332.
 1 SYSTEMPATH\Database\BaseConnection.php(729): CodeIgniter\Database\MySQLi\Connection->execute('SELECT `students`.*, `careers`.`name` as `career_name`
FROM `students`
LEFT JOIN `careers` ON `careers`.`id` = `students`.`career_id`')
 2 SYSTEMPATH\Database\BaseConnection.php(646): CodeIgniter\Database\BaseConnection->simpleQuery('SELECT `students`.*, `careers`.`name` as `career_name`
FROM `students`
LEFT JOIN `careers` ON `careers`.`id` = `students`.`career_id`')
 3 SYSTEMPATH\Database\BaseBuilder.php(1649): CodeIgniter\Database\BaseConnection->query('SELECT `students`.*, `careers`.`name` as `career_name`
FROM `students`
LEFT JOIN `careers` ON `careers`.`id` = `students`.`career_id`', [], false)
 4 SYSTEMPATH\Model.php(286): CodeIgniter\Database\BaseBuilder->get()
 5 SYSTEMPATH\BaseModel.php(677): CodeIgniter\Model->doFindAll(0, 0)
 6 APPPATH\Models\StudentModel.php(56): CodeIgniter\BaseModel->findAll()
 7 APPPATH\Controllers\Student.php(22): App\Models\StudentModel->getStudentsWithCareers()
 8 SYSTEMPATH\CodeIgniter.php(933): App\Controllers\Student->index()
 9 SYSTEMPATH\CodeIgniter.php(507): CodeIgniter\CodeIgniter->runController(Object(App\Controllers\Student))
10 SYSTEMPATH\CodeIgniter.php(354): CodeIgniter\CodeIgniter->handleRequest(null, Object(Config\Cache), false)
11 SYSTEMPATH\Boot.php(363): CodeIgniter\CodeIgniter->run()
12 SYSTEMPATH\Boot.php(68): CodeIgniter\Boot::runCodeIgniter(Object(CodeIgniter\CodeIgniter))
13 FCPATH\index.php(59): CodeIgniter\Boot::bootWeb(Object(Config\Paths))
14 SYSTEMPATH\rewrite.php(44): require_once('C:\\xampp\\htdocs\\WorkshopsISW613\\week8\\public\\index.php')
CRITICAL - 2025-11-18 15:24:30 --> [Caused by] mysqli_sql_exception: Unknown column 'students.career_id' in 'on clause'
in SYSTEMPATH\Database\MySQLi\Connection.php on line 327.
 1 SYSTEMPATH\Database\MySQLi\Connection.php(327): mysqli->query('SELECT `students`.*, `careers`.`name` as `career_name`
FROM `students`
LEFT JOIN `careers` ON `careers`.`id` = `students`.`career_id`', 0)
 2 SYSTEMPATH\Database\BaseConnection.php(729): CodeIgniter\Database\MySQLi\Connection->execute('SELECT `students`.*, `careers`.`name` as `career_name`
FROM `students`
LEFT JOIN `careers` ON `careers`.`id` = `students`.`career_id`')
 3 SYSTEMPATH\Database\BaseConnection.php(646): CodeIgniter\Database\BaseConnection->simpleQuery('SELECT `students`.*, `careers`.`name` as `career_name`
FROM `students`
LEFT JOIN `careers` ON `careers`.`id` = `students`.`career_id`')
 4 SYSTEMPATH\Database\BaseBuilder.php(1649): CodeIgniter\Database\BaseConnection->query('SELECT `students`.*, `careers`.`name` as `career_name`
FROM `students`
LEFT JOIN `careers` ON `careers`.`id` = `students`.`career_id`', [], false)
 5 SYSTEMPATH\Model.php(286): CodeIgniter\Database\BaseBuilder->get()
 6 SYSTEMPATH\BaseModel.php(677): CodeIgniter\Model->doFindAll(0, 0)
 7 APPPATH\Models\StudentModel.php(56): CodeIgniter\BaseModel->findAll()
 8 APPPATH\Controllers\Student.php(22): App\Models\StudentModel->getStudentsWithCareers()
 9 SYSTEMPATH\CodeIgniter.php(933): App\Controllers\Student->index()
10 SYSTEMPATH\CodeIgniter.php(507): CodeIgniter\CodeIgniter->runController(Object(App\Controllers\Student))
11 SYSTEMPATH\CodeIgniter.php(354): CodeIgniter\CodeIgniter->handleRequest(null, Object(Config\Cache), false)
12 SYSTEMPATH\Boot.php(363): CodeIgniter\CodeIgniter->run()
13 SYSTEMPATH\Boot.php(68): CodeIgniter\Boot::runCodeIgniter(Object(CodeIgniter\CodeIgniter))
14 FCPATH\index.php(59): CodeIgniter\Boot::bootWeb(Object(Config\Paths))
15 SYSTEMPATH\rewrite.php(44): require_once('C:\\xampp\\htdocs\\WorkshopsISW613\\week8\\public\\index.php')
ERROR - 2025-11-18 15:25:16 --> mysqli_sql_exception: Unknown column 'students.career_id' in 'on clause' in C:\xampp\htdocs\WorkshopsISW613\week8\system\Database\MySQLi\Connection.php:327
Stack trace:
#0 C:\xampp\htdocs\WorkshopsISW613\week8\system\Database\MySQLi\Connection.php(327): mysqli->query('SELECT `student...', 0)
#1 C:\xampp\htdocs\WorkshopsISW613\week8\system\Database\BaseConnection.php(729): CodeIgniter\Database\MySQLi\Connection->execute('SELECT `student...')
#2 C:\xampp\htdocs\WorkshopsISW613\week8\system\Database\BaseConnection.php(646): CodeIgniter\Database\BaseConnection->simpleQuery('SELECT `student...')
#3 C:\xampp\htdocs\WorkshopsISW613\week8\system\Database\BaseBuilder.php(1649): CodeIgniter\Database\BaseConnection->query('SELECT `student...', Array, false)
#4 C:\xampp\htdocs\WorkshopsISW613\week8\system\Model.php(286): CodeIgniter\Database\BaseBuilder->get()
#5 C:\xampp\htdocs\WorkshopsISW613\week8\system\BaseModel.php(677): CodeIgniter\Model->doFindAll(0, 0)
#6 C:\xampp\htdocs\WorkshopsISW613\week8\app\Models\StudentModel.php(56): CodeIgniter\BaseModel->findAll()
#7 C:\xampp\htdocs\WorkshopsISW613\week8\app\Controllers\Student.php(22): App\Models\StudentModel->getStudentsWithCareers()
#8 C:\xampp\htdocs\WorkshopsISW613\week8\system\CodeIgniter.php(933): App\Controllers\Student->index()
#9 C:\xampp\htdocs\WorkshopsISW613\week8\system\CodeIgniter.php(507): CodeIgniter\CodeIgniter->runController(Object(App\Controllers\Student))
#10 C:\xampp\htdocs\WorkshopsISW613\week8\system\CodeIgniter.php(354): CodeIgniter\CodeIgniter->handleRequest(NULL, Object(Config\Cache), false)
#11 C:\xampp\htdocs\WorkshopsISW613\week8\system\Boot.php(363): CodeIgniter\CodeIgniter->run()
#12 C:\xampp\htdocs\WorkshopsISW613\week8\system\Boot.php(68): CodeIgniter\Boot::runCodeIgniter(Object(CodeIgniter\CodeIgniter))
#13 C:\xampp\htdocs\WorkshopsISW613\week8\public\index.php(59): CodeIgniter\Boot::bootWeb(Object(Config\Paths))
#14 C:\xampp\htdocs\WorkshopsISW613\week8\system\rewrite.php(44): require_once('C:\\xampp\\htdocs...')
#15 {main}
CRITICAL - 2025-11-18 15:25:16 --> CodeIgniter\Database\Exceptions\DatabaseException: Unknown column 'students.career_id' in 'on clause'
[Method: GET, Route: students]
in SYSTEMPATH\Database\BaseConnection.php on line 684.
 1 SYSTEMPATH\Database\BaseBuilder.php(1649): CodeIgniter\Database\BaseConnection->query('SELECT `students`.*, `careers`.`name` as `career_name`
FROM `students`
LEFT JOIN `careers` ON `careers`.`id` = `students`.`career_id`', [], false)
 2 SYSTEMPATH\Model.php(286): CodeIgniter\Database\BaseBuilder->get()
 3 SYSTEMPATH\BaseModel.php(677): CodeIgniter\Model->doFindAll(0, 0)
 4 APPPATH\Models\StudentModel.php(56): CodeIgniter\BaseModel->findAll()
 5 APPPATH\Controllers\Student.php(22): App\Models\StudentModel->getStudentsWithCareers()
 6 SYSTEMPATH\CodeIgniter.php(933): App\Controllers\Student->index()
 7 SYSTEMPATH\CodeIgniter.php(507): CodeIgniter\CodeIgniter->runController(Object(App\Controllers\Student))
 8 SYSTEMPATH\CodeIgniter.php(354): CodeIgniter\CodeIgniter->handleRequest(null, Object(Config\Cache), false)
 9 SYSTEMPATH\Boot.php(363): CodeIgniter\CodeIgniter->run()
10 SYSTEMPATH\Boot.php(68): CodeIgniter\Boot::runCodeIgniter(Object(CodeIgniter\CodeIgniter))
11 FCPATH\index.php(59): CodeIgniter\Boot::bootWeb(Object(Config\Paths))
12 SYSTEMPATH\rewrite.php(44): require_once('C:\\xampp\\htdocs\\WorkshopsISW613\\week8\\public\\index.php')
CRITICAL - 2025-11-18 15:25:16 --> [Caused by] CodeIgniter\Database\Exceptions\DatabaseException: Unknown column 'students.career_id' in 'on clause'
in SYSTEMPATH\Database\MySQLi\Connection.php on line 332.
 1 SYSTEMPATH\Database\BaseConnection.php(729): CodeIgniter\Database\MySQLi\Connection->execute('SELECT `students`.*, `careers`.`name` as `career_name`
FROM `students`
LEFT JOIN `careers` ON `careers`.`id` = `students`.`career_id`')
 2 SYSTEMPATH\Database\BaseConnection.php(646): CodeIgniter\Database\BaseConnection->simpleQuery('SELECT `students`.*, `careers`.`name` as `career_name`
FROM `students`
LEFT JOIN `careers` ON `careers`.`id` = `students`.`career_id`')
 3 SYSTEMPATH\Database\BaseBuilder.php(1649): CodeIgniter\Database\BaseConnection->query('SELECT `students`.*, `careers`.`name` as `career_name`
FROM `students`
LEFT JOIN `careers` ON `careers`.`id` = `students`.`career_id`', [], false)
 4 SYSTEMPATH\Model.php(286): CodeIgniter\Database\BaseBuilder->get()
 5 SYSTEMPATH\BaseModel.php(677): CodeIgniter\Model->doFindAll(0, 0)
 6 APPPATH\Models\StudentModel.php(56): CodeIgniter\BaseModel->findAll()
 7 APPPATH\Controllers\Student.php(22): App\Models\StudentModel->getStudentsWithCareers()
 8 SYSTEMPATH\CodeIgniter.php(933): App\Controllers\Student->index()
 9 SYSTEMPATH\CodeIgniter.php(507): CodeIgniter\CodeIgniter->runController(Object(App\Controllers\Student))
10 SYSTEMPATH\CodeIgniter.php(354): CodeIgniter\CodeIgniter->handleRequest(null, Object(Config\Cache), false)
11 SYSTEMPATH\Boot.php(363): CodeIgniter\CodeIgniter->run()
12 SYSTEMPATH\Boot.php(68): CodeIgniter\Boot::runCodeIgniter(Object(CodeIgniter\CodeIgniter))
13 FCPATH\index.php(59): CodeIgniter\Boot::bootWeb(Object(Config\Paths))
14 SYSTEMPATH\rewrite.php(44): require_once('C:\\xampp\\htdocs\\WorkshopsISW613\\week8\\public\\index.php')
CRITICAL - 2025-11-18 15:25:16 --> [Caused by] mysqli_sql_exception: Unknown column 'students.career_id' in 'on clause'
in SYSTEMPATH\Database\MySQLi\Connection.php on line 327.
 1 SYSTEMPATH\Database\MySQLi\Connection.php(327): mysqli->query('SELECT `students`.*, `careers`.`name` as `career_name`
FROM `students`
LEFT JOIN `careers` ON `careers`.`id` = `students`.`career_id`', 0)
 2 SYSTEMPATH\Database\BaseConnection.php(729): CodeIgniter\Database\MySQLi\Connection->execute('SELECT `students`.*, `careers`.`name` as `career_name`
FROM `students`
LEFT JOIN `careers` ON `careers`.`id` = `students`.`career_id`')
 3 SYSTEMPATH\Database\BaseConnection.php(646): CodeIgniter\Database\BaseConnection->simpleQuery('SELECT `students`.*, `careers`.`name` as `career_name`
FROM `students`
LEFT JOIN `careers` ON `careers`.`id` = `students`.`career_id`')
 4 SYSTEMPATH\Database\BaseBuilder.php(1649): CodeIgniter\Database\BaseConnection->query('SELECT `students`.*, `careers`.`name` as `career_name`
FROM `students`
LEFT JOIN `careers` ON `careers`.`id` = `students`.`career_id`', [], false)
 5 SYSTEMPATH\Model.php(286): CodeIgniter\Database\BaseBuilder->get()
 6 SYSTEMPATH\BaseModel.php(677): CodeIgniter\Model->doFindAll(0, 0)
 7 APPPATH\Models\StudentModel.php(56): CodeIgniter\BaseModel->findAll()
 8 APPPATH\Controllers\Student.php(22): App\Models\StudentModel->getStudentsWithCareers()
 9 SYSTEMPATH\CodeIgniter.php(933): App\Controllers\Student->index()
10 SYSTEMPATH\CodeIgniter.php(507): CodeIgniter\CodeIgniter->runController(Object(App\Controllers\Student))
11 SYSTEMPATH\CodeIgniter.php(354): CodeIgniter\CodeIgniter->handleRequest(null, Object(Config\Cache), false)
12 SYSTEMPATH\Boot.php(363): CodeIgniter\CodeIgniter->run()
13 SYSTEMPATH\Boot.php(68): CodeIgniter\Boot::runCodeIgniter(Object(CodeIgniter\CodeIgniter))
14 FCPATH\index.php(59): CodeIgniter\Boot::bootWeb(Object(Config\Paths))
15 SYSTEMPATH\rewrite.php(44): require_once('C:\\xampp\\htdocs\\WorkshopsISW613\\week8\\public\\index.php')
ERROR - 2025-11-18 15:26:21 --> mysqli_sql_exception: Unknown column 'students.career_id' in 'on clause' in C:\xampp\htdocs\WorkshopsISW613\week8\system\Database\MySQLi\Connection.php:327
Stack trace:
#0 C:\xampp\htdocs\WorkshopsISW613\week8\system\Database\MySQLi\Connection.php(327): mysqli->query('SELECT `student...', 0)
#1 C:\xampp\htdocs\WorkshopsISW613\week8\system\Database\BaseConnection.php(729): CodeIgniter\Database\MySQLi\Connection->execute('SELECT `student...')
#2 C:\xampp\htdocs\WorkshopsISW613\week8\system\Database\BaseConnection.php(646): CodeIgniter\Database\BaseConnection->simpleQuery('SELECT `student...')
#3 C:\xampp\htdocs\WorkshopsISW613\week8\system\Database\BaseBuilder.php(1649): CodeIgniter\Database\BaseConnection->query('SELECT `student...', Array, false)
#4 C:\xampp\htdocs\WorkshopsISW613\week8\system\Model.php(286): CodeIgniter\Database\BaseBuilder->get()
#5 C:\xampp\htdocs\WorkshopsISW613\week8\system\BaseModel.php(677): CodeIgniter\Model->doFindAll(0, 0)
#6 C:\xampp\htdocs\WorkshopsISW613\week8\app\Models\StudentModel.php(56): CodeIgniter\BaseModel->findAll()
#7 C:\xampp\htdocs\WorkshopsISW613\week8\app\Controllers\Student.php(22): App\Models\StudentModel->getStudentsWithCareers()
#8 C:\xampp\htdocs\WorkshopsISW613\week8\system\CodeIgniter.php(933): App\Controllers\Student->index()
#9 C:\xampp\htdocs\WorkshopsISW613\week8\system\CodeIgniter.php(507): CodeIgniter\CodeIgniter->runController(Object(App\Controllers\Student))
#10 C:\xampp\htdocs\WorkshopsISW613\week8\system\CodeIgniter.php(354): CodeIgniter\CodeIgniter->handleRequest(NULL, Object(Config\Cache), false)
#11 C:\xampp\htdocs\WorkshopsISW613\week8\system\Boot.php(363): CodeIgniter\CodeIgniter->run()
#12 C:\xampp\htdocs\WorkshopsISW613\week8\system\Boot.php(68): CodeIgniter\Boot::runCodeIgniter(Object(CodeIgniter\CodeIgniter))
#13 C:\xampp\htdocs\WorkshopsISW613\week8\public\index.php(59): CodeIgniter\Boot::bootWeb(Object(Config\Paths))
#14 C:\xampp\htdocs\WorkshopsISW613\week8\system\rewrite.php(44): require_once('C:\\xampp\\htdocs...')
#15 {main}
CRITICAL - 2025-11-18 15:26:21 --> CodeIgniter\Database\Exceptions\DatabaseException: Unknown column 'students.career_id' in 'on clause'
[Method: GET, Route: /]
in SYSTEMPATH\Database\BaseConnection.php on line 684.
 1 SYSTEMPATH\Database\BaseBuilder.php(1649): CodeIgniter\Database\BaseConnection->query('SELECT `students`.*, `careers`.`name` as `career_name`
FROM `students`
LEFT JOIN `careers` ON `careers`.`id` = `students`.`career_id`', [], false)
 2 SYSTEMPATH\Model.php(286): CodeIgniter\Database\BaseBuilder->get()
 3 SYSTEMPATH\BaseModel.php(677): CodeIgniter\Model->doFindAll(0, 0)
 4 APPPATH\Models\StudentModel.php(56): CodeIgniter\BaseModel->findAll()
 5 APPPATH\Controllers\Student.php(22): App\Models\StudentModel->getStudentsWithCareers()
 6 SYSTEMPATH\CodeIgniter.php(933): App\Controllers\Student->index()
 7 SYSTEMPATH\CodeIgniter.php(507): CodeIgniter\CodeIgniter->runController(Object(App\Controllers\Student))
 8 SYSTEMPATH\CodeIgniter.php(354): CodeIgniter\CodeIgniter->handleRequest(null, Object(Config\Cache), false)
 9 SYSTEMPATH\Boot.php(363): CodeIgniter\CodeIgniter->run()
10 SYSTEMPATH\Boot.php(68): CodeIgniter\Boot::runCodeIgniter(Object(CodeIgniter\CodeIgniter))
11 FCPATH\index.php(59): CodeIgniter\Boot::bootWeb(Object(Config\Paths))
12 SYSTEMPATH\rewrite.php(44): require_once('C:\\xampp\\htdocs\\WorkshopsISW613\\week8\\public\\index.php')
CRITICAL - 2025-11-18 15:26:21 --> [Caused by] CodeIgniter\Database\Exceptions\DatabaseException: Unknown column 'students.career_id' in 'on clause'
in SYSTEMPATH\Database\MySQLi\Connection.php on line 332.
 1 SYSTEMPATH\Database\BaseConnection.php(729): CodeIgniter\Database\MySQLi\Connection->execute('SELECT `students`.*, `careers`.`name` as `career_name`
FROM `students`
LEFT JOIN `careers` ON `careers`.`id` = `students`.`career_id`')
 2 SYSTEMPATH\Database\BaseConnection.php(646): CodeIgniter\Database\BaseConnection->simpleQuery('SELECT `students`.*, `careers`.`name` as `career_name`
FROM `students`
LEFT JOIN `careers` ON `careers`.`id` = `students`.`career_id`')
 3 SYSTEMPATH\Database\BaseBuilder.php(1649): CodeIgniter\Database\BaseConnection->query('SELECT `students`.*, `careers`.`name` as `career_name`
FROM `students`
LEFT JOIN `careers` ON `careers`.`id` = `students`.`career_id`', [], false)
 4 SYSTEMPATH\Model.php(286): CodeIgniter\Database\BaseBuilder->get()
 5 SYSTEMPATH\BaseModel.php(677): CodeIgniter\Model->doFindAll(0, 0)
 6 APPPATH\Models\StudentModel.php(56): CodeIgniter\BaseModel->findAll()
 7 APPPATH\Controllers\Student.php(22): App\Models\StudentModel->getStudentsWithCareers()
 8 SYSTEMPATH\CodeIgniter.php(933): App\Controllers\Student->index()
 9 SYSTEMPATH\CodeIgniter.php(507): CodeIgniter\CodeIgniter->runController(Object(App\Controllers\Student))
10 SYSTEMPATH\CodeIgniter.php(354): CodeIgniter\CodeIgniter->handleRequest(null, Object(Config\Cache), false)
11 SYSTEMPATH\Boot.php(363): CodeIgniter\CodeIgniter->run()
12 SYSTEMPATH\Boot.php(68): CodeIgniter\Boot::runCodeIgniter(Object(CodeIgniter\CodeIgniter))
13 FCPATH\index.php(59): CodeIgniter\Boot::bootWeb(Object(Config\Paths))
14 SYSTEMPATH\rewrite.php(44): require_once('C:\\xampp\\htdocs\\WorkshopsISW613\\week8\\public\\index.php')
CRITICAL - 2025-11-18 15:26:21 --> [Caused by] mysqli_sql_exception: Unknown column 'students.career_id' in 'on clause'
in SYSTEMPATH\Database\MySQLi\Connection.php on line 327.
 1 SYSTEMPATH\Database\MySQLi\Connection.php(327): mysqli->query('SELECT `students`.*, `careers`.`name` as `career_name`
FROM `students`
LEFT JOIN `careers` ON `careers`.`id` = `students`.`career_id`', 0)
 2 SYSTEMPATH\Database\BaseConnection.php(729): CodeIgniter\Database\MySQLi\Connection->execute('SELECT `students`.*, `careers`.`name` as `career_name`
FROM `students`
LEFT JOIN `careers` ON `careers`.`id` = `students`.`career_id`')
 3 SYSTEMPATH\Database\BaseConnection.php(646): CodeIgniter\Database\BaseConnection->simpleQuery('SELECT `students`.*, `careers`.`name` as `career_name`
FROM `students`
LEFT JOIN `careers` ON `careers`.`id` = `students`.`career_id`')
 4 SYSTEMPATH\Database\BaseBuilder.php(1649): CodeIgniter\Database\BaseConnection->query('SELECT `students`.*, `careers`.`name` as `career_name`
FROM `students`
LEFT JOIN `careers` ON `careers`.`id` = `students`.`career_id`', [], false)
 5 SYSTEMPATH\Model.php(286): CodeIgniter\Database\BaseBuilder->get()
 6 SYSTEMPATH\BaseModel.php(677): CodeIgniter\Model->doFindAll(0, 0)
 7 APPPATH\Models\StudentModel.php(56): CodeIgniter\BaseModel->findAll()
 8 APPPATH\Controllers\Student.php(22): App\Models\StudentModel->getStudentsWithCareers()
 9 SYSTEMPATH\CodeIgniter.php(933): App\Controllers\Student->index()
10 SYSTEMPATH\CodeIgniter.php(507): CodeIgniter\CodeIgniter->runController(Object(App\Controllers\Student))
11 SYSTEMPATH\CodeIgniter.php(354): CodeIgniter\CodeIgniter->handleRequest(null, Object(Config\Cache), false)
12 SYSTEMPATH\Boot.php(363): CodeIgniter\CodeIgniter->run()
13 SYSTEMPATH\Boot.php(68): CodeIgniter\Boot::runCodeIgniter(Object(CodeIgniter\CodeIgniter))
14 FCPATH\index.php(59): CodeIgniter\Boot::bootWeb(Object(Config\Paths))
15 SYSTEMPATH\rewrite.php(44): require_once('C:\\xampp\\htdocs\\WorkshopsISW613\\week8\\public\\index.php')
ERROR - 2025-11-18 15:26:21 --> mysqli_sql_exception: Unknown column 'students.career_id' in 'on clause' in C:\xampp\htdocs\WorkshopsISW613\week8\system\Database\MySQLi\Connection.php:327
Stack trace:
#0 C:\xampp\htdocs\WorkshopsISW613\week8\system\Database\MySQLi\Connection.php(327): mysqli->query('SELECT `student...', 0)
#1 C:\xampp\htdocs\WorkshopsISW613\week8\system\Database\BaseConnection.php(729): CodeIgniter\Database\MySQLi\Connection->execute('SELECT `student...')
#2 C:\xampp\htdocs\WorkshopsISW613\week8\system\Database\BaseConnection.php(646): CodeIgniter\Database\BaseConnection->simpleQuery('SELECT `student...')
#3 C:\xampp\htdocs\WorkshopsISW613\week8\system\Database\BaseBuilder.php(1649): CodeIgniter\Database\BaseConnection->query('SELECT `student...', Array, false)
#4 C:\xampp\htdocs\WorkshopsISW613\week8\system\Model.php(286): CodeIgniter\Database\BaseBuilder->get()
#5 C:\xampp\htdocs\WorkshopsISW613\week8\system\BaseModel.php(677): CodeIgniter\Model->doFindAll(0, 0)
#6 C:\xampp\htdocs\WorkshopsISW613\week8\app\Models\StudentModel.php(56): CodeIgniter\BaseModel->findAll()
#7 C:\xampp\htdocs\WorkshopsISW613\week8\app\Controllers\Student.php(22): App\Models\StudentModel->getStudentsWithCareers()
#8 C:\xampp\htdocs\WorkshopsISW613\week8\system\CodeIgniter.php(933): App\Controllers\Student->index()
#9 C:\xampp\htdocs\WorkshopsISW613\week8\system\CodeIgniter.php(507): CodeIgniter\CodeIgniter->runController(Object(App\Controllers\Student))
#10 C:\xampp\htdocs\WorkshopsISW613\week8\system\CodeIgniter.php(354): CodeIgniter\CodeIgniter->handleRequest(NULL, Object(Config\Cache), false)
#11 C:\xampp\htdocs\WorkshopsISW613\week8\system\Boot.php(363): CodeIgniter\CodeIgniter->run()
#12 C:\xampp\htdocs\WorkshopsISW613\week8\system\Boot.php(68): CodeIgniter\Boot::runCodeIgniter(Object(CodeIgniter\CodeIgniter))
#13 C:\xampp\htdocs\WorkshopsISW613\week8\public\index.php(59): CodeIgniter\Boot::bootWeb(Object(Config\Paths))
#14 C:\xampp\htdocs\WorkshopsISW613\week8\system\rewrite.php(44): require_once('C:\\xampp\\htdocs...')
#15 {main}
CRITICAL - 2025-11-18 15:26:21 --> CodeIgniter\Database\Exceptions\DatabaseException: Unknown column 'students.career_id' in 'on clause'
[Method: GET, Route: /]
in SYSTEMPATH\Database\BaseConnection.php on line 684.
 1 SYSTEMPATH\Database\BaseBuilder.php(1649): CodeIgniter\Database\BaseConnection->query('SELECT `students`.*, `careers`.`name` as `career_name`
FROM `students`
LEFT JOIN `careers` ON `careers`.`id` = `students`.`career_id`', [], false)
 2 SYSTEMPATH\Model.php(286): CodeIgniter\Database\BaseBuilder->get()
 3 SYSTEMPATH\BaseModel.php(677): CodeIgniter\Model->doFindAll(0, 0)
 4 APPPATH\Models\StudentModel.php(56): CodeIgniter\BaseModel->findAll()
 5 APPPATH\Controllers\Student.php(22): App\Models\StudentModel->getStudentsWithCareers()
 6 SYSTEMPATH\CodeIgniter.php(933): App\Controllers\Student->index()
 7 SYSTEMPATH\CodeIgniter.php(507): CodeIgniter\CodeIgniter->runController(Object(App\Controllers\Student))
 8 SYSTEMPATH\CodeIgniter.php(354): CodeIgniter\CodeIgniter->handleRequest(null, Object(Config\Cache), false)
 9 SYSTEMPATH\Boot.php(363): CodeIgniter\CodeIgniter->run()
10 SYSTEMPATH\Boot.php(68): CodeIgniter\Boot::runCodeIgniter(Object(CodeIgniter\CodeIgniter))
11 FCPATH\index.php(59): CodeIgniter\Boot::bootWeb(Object(Config\Paths))
12 SYSTEMPATH\rewrite.php(44): require_once('C:\\xampp\\htdocs\\WorkshopsISW613\\week8\\public\\index.php')
CRITICAL - 2025-11-18 15:26:21 --> [Caused by] CodeIgniter\Database\Exceptions\DatabaseException: Unknown column 'students.career_id' in 'on clause'
in SYSTEMPATH\Database\MySQLi\Connection.php on line 332.
 1 SYSTEMPATH\Database\BaseConnection.php(729): CodeIgniter\Database\MySQLi\Connection->execute('SELECT `students`.*, `careers`.`name` as `career_name`
FROM `students`
LEFT JOIN `careers` ON `careers`.`id` = `students`.`career_id`')
 2 SYSTEMPATH\Database\BaseConnection.php(646): CodeIgniter\Database\BaseConnection->simpleQuery('SELECT `students`.*, `careers`.`name` as `career_name`
FROM `students`
LEFT JOIN `careers` ON `careers`.`id` = `students`.`career_id`')
 3 SYSTEMPATH\Database\BaseBuilder.php(1649): CodeIgniter\Database\BaseConnection->query('SELECT `students`.*, `careers`.`name` as `career_name`
FROM `students`
LEFT JOIN `careers` ON `careers`.`id` = `students`.`career_id`', [], false)
 4 SYSTEMPATH\Model.php(286): CodeIgniter\Database\BaseBuilder->get()
 5 SYSTEMPATH\BaseModel.php(677): CodeIgniter\Model->doFindAll(0, 0)
 6 APPPATH\Models\StudentModel.php(56): CodeIgniter\BaseModel->findAll()
 7 APPPATH\Controllers\Student.php(22): App\Models\StudentModel->getStudentsWithCareers()
 8 SYSTEMPATH\CodeIgniter.php(933): App\Controllers\Student->index()
 9 SYSTEMPATH\CodeIgniter.php(507): CodeIgniter\CodeIgniter->runController(Object(App\Controllers\Student))
10 SYSTEMPATH\CodeIgniter.php(354): CodeIgniter\CodeIgniter->handleRequest(null, Object(Config\Cache), false)
11 SYSTEMPATH\Boot.php(363): CodeIgniter\CodeIgniter->run()
12 SYSTEMPATH\Boot.php(68): CodeIgniter\Boot::runCodeIgniter(Object(CodeIgniter\CodeIgniter))
13 FCPATH\index.php(59): CodeIgniter\Boot::bootWeb(Object(Config\Paths))
14 SYSTEMPATH\rewrite.php(44): require_once('C:\\xampp\\htdocs\\WorkshopsISW613\\week8\\public\\index.php')
CRITICAL - 2025-11-18 15:26:21 --> [Caused by] mysqli_sql_exception: Unknown column 'students.career_id' in 'on clause'
in SYSTEMPATH\Database\MySQLi\Connection.php on line 327.
 1 SYSTEMPATH\Database\MySQLi\Connection.php(327): mysqli->query('SELECT `students`.*, `careers`.`name` as `career_name`
FROM `students`
LEFT JOIN `careers` ON `careers`.`id` = `students`.`career_id`', 0)
 2 SYSTEMPATH\Database\BaseConnection.php(729): CodeIgniter\Database\MySQLi\Connection->execute('SELECT `students`.*, `careers`.`name` as `career_name`
FROM `students`
LEFT JOIN `careers` ON `careers`.`id` = `students`.`career_id`')
 3 SYSTEMPATH\Database\BaseConnection.php(646): CodeIgniter\Database\BaseConnection->simpleQuery('SELECT `students`.*, `careers`.`name` as `career_name`
FROM `students`
LEFT JOIN `careers` ON `careers`.`id` = `students`.`career_id`')
 4 SYSTEMPATH\Database\BaseBuilder.php(1649): CodeIgniter\Database\BaseConnection->query('SELECT `students`.*, `careers`.`name` as `career_name`
FROM `students`
LEFT JOIN `careers` ON `careers`.`id` = `students`.`career_id`', [], false)
 5 SYSTEMPATH\Model.php(286): CodeIgniter\Database\BaseBuilder->get()
 6 SYSTEMPATH\BaseModel.php(677): CodeIgniter\Model->doFindAll(0, 0)
 7 APPPATH\Models\StudentModel.php(56): CodeIgniter\BaseModel->findAll()
 8 APPPATH\Controllers\Student.php(22): App\Models\StudentModel->getStudentsWithCareers()
 9 SYSTEMPATH\CodeIgniter.php(933): App\Controllers\Student->index()
10 SYSTEMPATH\CodeIgniter.php(507): CodeIgniter\CodeIgniter->runController(Object(App\Controllers\Student))
11 SYSTEMPATH\CodeIgniter.php(354): CodeIgniter\CodeIgniter->handleRequest(null, Object(Config\Cache), false)
12 SYSTEMPATH\Boot.php(363): CodeIgniter\CodeIgniter->run()
13 SYSTEMPATH\Boot.php(68): CodeIgniter\Boot::runCodeIgniter(Object(CodeIgniter\CodeIgniter))
14 FCPATH\index.php(59): CodeIgniter\Boot::bootWeb(Object(Config\Paths))
15 SYSTEMPATH\rewrite.php(44): require_once('C:\\xampp\\htdocs\\WorkshopsISW613\\week8\\public\\index.php')
ERROR - 2025-11-18 15:26:22 --> mysqli_sql_exception: Unknown column 'students.career_id' in 'on clause' in C:\xampp\htdocs\WorkshopsISW613\week8\system\Database\MySQLi\Connection.php:327
Stack trace:
#0 C:\xampp\htdocs\WorkshopsISW613\week8\system\Database\MySQLi\Connection.php(327): mysqli->query('SELECT `student...', 0)
#1 C:\xampp\htdocs\WorkshopsISW613\week8\system\Database\BaseConnection.php(729): CodeIgniter\Database\MySQLi\Connection->execute('SELECT `student...')
#2 C:\xampp\htdocs\WorkshopsISW613\week8\system\Database\BaseConnection.php(646): CodeIgniter\Database\BaseConnection->simpleQuery('SELECT `student...')
#3 C:\xampp\htdocs\WorkshopsISW613\week8\system\Database\BaseBuilder.php(1649): CodeIgniter\Database\BaseConnection->query('SELECT `student...', Array, false)
#4 C:\xampp\htdocs\WorkshopsISW613\week8\system\Model.php(286): CodeIgniter\Database\BaseBuilder->get()
#5 C:\xampp\htdocs\WorkshopsISW613\week8\system\BaseModel.php(677): CodeIgniter\Model->doFindAll(0, 0)
#6 C:\xampp\htdocs\WorkshopsISW613\week8\app\Models\StudentModel.php(56): CodeIgniter\BaseModel->findAll()
#7 C:\xampp\htdocs\WorkshopsISW613\week8\app\Controllers\Student.php(22): App\Models\StudentModel->getStudentsWithCareers()
#8 C:\xampp\htdocs\WorkshopsISW613\week8\system\CodeIgniter.php(933): App\Controllers\Student->index()
#9 C:\xampp\htdocs\WorkshopsISW613\week8\system\CodeIgniter.php(507): CodeIgniter\CodeIgniter->runController(Object(App\Controllers\Student))
#10 C:\xampp\htdocs\WorkshopsISW613\week8\system\CodeIgniter.php(354): CodeIgniter\CodeIgniter->handleRequest(NULL, Object(Config\Cache), false)
#11 C:\xampp\htdocs\WorkshopsISW613\week8\system\Boot.php(363): CodeIgniter\CodeIgniter->run()
#12 C:\xampp\htdocs\WorkshopsISW613\week8\system\Boot.php(68): CodeIgniter\Boot::runCodeIgniter(Object(CodeIgniter\CodeIgniter))
#13 C:\xampp\htdocs\WorkshopsISW613\week8\public\index.php(59): CodeIgniter\Boot::bootWeb(Object(Config\Paths))
#14 C:\xampp\htdocs\WorkshopsISW613\week8\system\rewrite.php(44): require_once('C:\\xampp\\htdocs...')
#15 {main}
CRITICAL - 2025-11-18 15:26:22 --> CodeIgniter\Database\Exceptions\DatabaseException: Unknown column 'students.career_id' in 'on clause'
[Method: GET, Route: /]
in SYSTEMPATH\Database\BaseConnection.php on line 684.
 1 SYSTEMPATH\Database\BaseBuilder.php(1649): CodeIgniter\Database\BaseConnection->query('SELECT `students`.*, `careers`.`name` as `career_name`
FROM `students`
LEFT JOIN `careers` ON `careers`.`id` = `students`.`career_id`', [], false)
 2 SYSTEMPATH\Model.php(286): CodeIgniter\Database\BaseBuilder->get()
 3 SYSTEMPATH\BaseModel.php(677): CodeIgniter\Model->doFindAll(0, 0)
 4 APPPATH\Models\StudentModel.php(56): CodeIgniter\BaseModel->findAll()
 5 APPPATH\Controllers\Student.php(22): App\Models\StudentModel->getStudentsWithCareers()
 6 SYSTEMPATH\CodeIgniter.php(933): App\Controllers\Student->index()
 7 SYSTEMPATH\CodeIgniter.php(507): CodeIgniter\CodeIgniter->runController(Object(App\Controllers\Student))
 8 SYSTEMPATH\CodeIgniter.php(354): CodeIgniter\CodeIgniter->handleRequest(null, Object(Config\Cache), false)
 9 SYSTEMPATH\Boot.php(363): CodeIgniter\CodeIgniter->run()
10 SYSTEMPATH\Boot.php(68): CodeIgniter\Boot::runCodeIgniter(Object(CodeIgniter\CodeIgniter))
11 FCPATH\index.php(59): CodeIgniter\Boot::bootWeb(Object(Config\Paths))
12 SYSTEMPATH\rewrite.php(44): require_once('C:\\xampp\\htdocs\\WorkshopsISW613\\week8\\public\\index.php')
CRITICAL - 2025-11-18 15:26:22 --> [Caused by] CodeIgniter\Database\Exceptions\DatabaseException: Unknown column 'students.career_id' in 'on clause'
in SYSTEMPATH\Database\MySQLi\Connection.php on line 332.
 1 SYSTEMPATH\Database\BaseConnection.php(729): CodeIgniter\Database\MySQLi\Connection->execute('SELECT `students`.*, `careers`.`name` as `career_name`
FROM `students`
LEFT JOIN `careers` ON `careers`.`id` = `students`.`career_id`')
 2 SYSTEMPATH\Database\BaseConnection.php(646): CodeIgniter\Database\BaseConnection->simpleQuery('SELECT `students`.*, `careers`.`name` as `career_name`
FROM `students`
LEFT JOIN `careers` ON `careers`.`id` = `students`.`career_id`')
 3 SYSTEMPATH\Database\BaseBuilder.php(1649): CodeIgniter\Database\BaseConnection->query('SELECT `students`.*, `careers`.`name` as `career_name`
FROM `students`
LEFT JOIN `careers` ON `careers`.`id` = `students`.`career_id`', [], false)
 4 SYSTEMPATH\Model.php(286): CodeIgniter\Database\BaseBuilder->get()
 5 SYSTEMPATH\BaseModel.php(677): CodeIgniter\Model->doFindAll(0, 0)
 6 APPPATH\Models\StudentModel.php(56): CodeIgniter\BaseModel->findAll()
 7 APPPATH\Controllers\Student.php(22): App\Models\StudentModel->getStudentsWithCareers()
 8 SYSTEMPATH\CodeIgniter.php(933): App\Controllers\Student->index()
 9 SYSTEMPATH\CodeIgniter.php(507): CodeIgniter\CodeIgniter->runController(Object(App\Controllers\Student))
10 SYSTEMPATH\CodeIgniter.php(354): CodeIgniter\CodeIgniter->handleRequest(null, Object(Config\Cache), false)
11 SYSTEMPATH\Boot.php(363): CodeIgniter\CodeIgniter->run()
12 SYSTEMPATH\Boot.php(68): CodeIgniter\Boot::runCodeIgniter(Object(CodeIgniter\CodeIgniter))
13 FCPATH\index.php(59): CodeIgniter\Boot::bootWeb(Object(Config\Paths))
14 SYSTEMPATH\rewrite.php(44): require_once('C:\\xampp\\htdocs\\WorkshopsISW613\\week8\\public\\index.php')
CRITICAL - 2025-11-18 15:26:22 --> [Caused by] mysqli_sql_exception: Unknown column 'students.career_id' in 'on clause'
in SYSTEMPATH\Database\MySQLi\Connection.php on line 327.
 1 SYSTEMPATH\Database\MySQLi\Connection.php(327): mysqli->query('SELECT `students`.*, `careers`.`name` as `career_name`
FROM `students`
LEFT JOIN `careers` ON `careers`.`id` = `students`.`career_id`', 0)
 2 SYSTEMPATH\Database\BaseConnection.php(729): CodeIgniter\Database\MySQLi\Connection->execute('SELECT `students`.*, `careers`.`name` as `career_name`
FROM `students`
LEFT JOIN `careers` ON `careers`.`id` = `students`.`career_id`')
 3 SYSTEMPATH\Database\BaseConnection.php(646): CodeIgniter\Database\BaseConnection->simpleQuery('SELECT `students`.*, `careers`.`name` as `career_name`
FROM `students`
LEFT JOIN `careers` ON `careers`.`id` = `students`.`career_id`')
 4 SYSTEMPATH\Database\BaseBuilder.php(1649): CodeIgniter\Database\BaseConnection->query('SELECT `students`.*, `careers`.`name` as `career_name`
FROM `students`
LEFT JOIN `careers` ON `careers`.`id` = `students`.`career_id`', [], false)
 5 SYSTEMPATH\Model.php(286): CodeIgniter\Database\BaseBuilder->get()
 6 SYSTEMPATH\BaseModel.php(677): CodeIgniter\Model->doFindAll(0, 0)
 7 APPPATH\Models\StudentModel.php(56): CodeIgniter\BaseModel->findAll()
 8 APPPATH\Controllers\Student.php(22): App\Models\StudentModel->getStudentsWithCareers()
 9 SYSTEMPATH\CodeIgniter.php(933): App\Controllers\Student->index()
10 SYSTEMPATH\CodeIgniter.php(507): CodeIgniter\CodeIgniter->runController(Object(App\Controllers\Student))
11 SYSTEMPATH\CodeIgniter.php(354): CodeIgniter\CodeIgniter->handleRequest(null, Object(Config\Cache), false)
12 SYSTEMPATH\Boot.php(363): CodeIgniter\CodeIgniter->run()
13 SYSTEMPATH\Boot.php(68): CodeIgniter\Boot::runCodeIgniter(Object(CodeIgniter\CodeIgniter))
14 FCPATH\index.php(59): CodeIgniter\Boot::bootWeb(Object(Config\Paths))
15 SYSTEMPATH\rewrite.php(44): require_once('C:\\xampp\\htdocs\\WorkshopsISW613\\week8\\public\\index.php')
ERROR - 2025-11-18 15:26:22 --> mysqli_sql_exception: Unknown column 'students.career_id' in 'on clause' in C:\xampp\htdocs\WorkshopsISW613\week8\system\Database\MySQLi\Connection.php:327
Stack trace:
#0 C:\xampp\htdocs\WorkshopsISW613\week8\system\Database\MySQLi\Connection.php(327): mysqli->query('SELECT `student...', 0)
#1 C:\xampp\htdocs\WorkshopsISW613\week8\system\Database\BaseConnection.php(729): CodeIgniter\Database\MySQLi\Connection->execute('SELECT `student...')
#2 C:\xampp\htdocs\WorkshopsISW613\week8\system\Database\BaseConnection.php(646): CodeIgniter\Database\BaseConnection->simpleQuery('SELECT `student...')
#3 C:\xampp\htdocs\WorkshopsISW613\week8\system\Database\BaseBuilder.php(1649): CodeIgniter\Database\BaseConnection->query('SELECT `student...', Array, false)
#4 C:\xampp\htdocs\WorkshopsISW613\week8\system\Model.php(286): CodeIgniter\Database\BaseBuilder->get()
#5 C:\xampp\htdocs\WorkshopsISW613\week8\system\BaseModel.php(677): CodeIgniter\Model->doFindAll(0, 0)
#6 C:\xampp\htdocs\WorkshopsISW613\week8\app\Models\StudentModel.php(56): CodeIgniter\BaseModel->findAll()
#7 C:\xampp\htdocs\WorkshopsISW613\week8\app\Controllers\Student.php(22): App\Models\StudentModel->getStudentsWithCareers()
#8 C:\xampp\htdocs\WorkshopsISW613\week8\system\CodeIgniter.php(933): App\Controllers\Student->index()
#9 C:\xampp\htdocs\WorkshopsISW613\week8\system\CodeIgniter.php(507): CodeIgniter\CodeIgniter->runController(Object(App\Controllers\Student))
#10 C:\xampp\htdocs\WorkshopsISW613\week8\system\CodeIgniter.php(354): CodeIgniter\CodeIgniter->handleRequest(NULL, Object(Config\Cache), false)
#11 C:\xampp\htdocs\WorkshopsISW613\week8\system\Boot.php(363): CodeIgniter\CodeIgniter->run()
#12 C:\xampp\htdocs\WorkshopsISW613\week8\system\Boot.php(68): CodeIgniter\Boot::runCodeIgniter(Object(CodeIgniter\CodeIgniter))
#13 C:\xampp\htdocs\WorkshopsISW613\week8\public\index.php(59): CodeIgniter\Boot::bootWeb(Object(Config\Paths))
#14 C:\xampp\htdocs\WorkshopsISW613\week8\system\rewrite.php(44): require_once('C:\\xampp\\htdocs...')
#15 {main}
CRITICAL - 2025-11-18 15:26:22 --> CodeIgniter\Database\Exceptions\DatabaseException: Unknown column 'students.career_id' in 'on clause'
[Method: GET, Route: /]
in SYSTEMPATH\Database\BaseConnection.php on line 684.
 1 SYSTEMPATH\Database\BaseBuilder.php(1649): CodeIgniter\Database\BaseConnection->query('SELECT `students`.*, `careers`.`name` as `career_name`
FROM `students`
LEFT JOIN `careers` ON `careers`.`id` = `students`.`career_id`', [], false)
 2 SYSTEMPATH\Model.php(286): CodeIgniter\Database\BaseBuilder->get()
 3 SYSTEMPATH\BaseModel.php(677): CodeIgniter\Model->doFindAll(0, 0)
 4 APPPATH\Models\StudentModel.php(56): CodeIgniter\BaseModel->findAll()
 5 APPPATH\Controllers\Student.php(22): App\Models\StudentModel->getStudentsWithCareers()
 6 SYSTEMPATH\CodeIgniter.php(933): App\Controllers\Student->index()
 7 SYSTEMPATH\CodeIgniter.php(507): CodeIgniter\CodeIgniter->runController(Object(App\Controllers\Student))
 8 SYSTEMPATH\CodeIgniter.php(354): CodeIgniter\CodeIgniter->handleRequest(null, Object(Config\Cache), false)
 9 SYSTEMPATH\Boot.php(363): CodeIgniter\CodeIgniter->run()
10 SYSTEMPATH\Boot.php(68): CodeIgniter\Boot::runCodeIgniter(Object(CodeIgniter\CodeIgniter))
11 FCPATH\index.php(59): CodeIgniter\Boot::bootWeb(Object(Config\Paths))
12 SYSTEMPATH\rewrite.php(44): require_once('C:\\xampp\\htdocs\\WorkshopsISW613\\week8\\public\\index.php')
CRITICAL - 2025-11-18 15:26:22 --> [Caused by] CodeIgniter\Database\Exceptions\DatabaseException: Unknown column 'students.career_id' in 'on clause'
in SYSTEMPATH\Database\MySQLi\Connection.php on line 332.
 1 SYSTEMPATH\Database\BaseConnection.php(729): CodeIgniter\Database\MySQLi\Connection->execute('SELECT `students`.*, `careers`.`name` as `career_name`
FROM `students`
LEFT JOIN `careers` ON `careers`.`id` = `students`.`career_id`')
 2 SYSTEMPATH\Database\BaseConnection.php(646): CodeIgniter\Database\BaseConnection->simpleQuery('SELECT `students`.*, `careers`.`name` as `career_name`
FROM `students`
LEFT JOIN `careers` ON `careers`.`id` = `students`.`career_id`')
 3 SYSTEMPATH\Database\BaseBuilder.php(1649): CodeIgniter\Database\BaseConnection->query('SELECT `students`.*, `careers`.`name` as `career_name`
FROM `students`
LEFT JOIN `careers` ON `careers`.`id` = `students`.`career_id`', [], false)
 4 SYSTEMPATH\Model.php(286): CodeIgniter\Database\BaseBuilder->get()
 5 SYSTEMPATH\BaseModel.php(677): CodeIgniter\Model->doFindAll(0, 0)
 6 APPPATH\Models\StudentModel.php(56): CodeIgniter\BaseModel->findAll()
 7 APPPATH\Controllers\Student.php(22): App\Models\StudentModel->getStudentsWithCareers()
 8 SYSTEMPATH\CodeIgniter.php(933): App\Controllers\Student->index()
 9 SYSTEMPATH\CodeIgniter.php(507): CodeIgniter\CodeIgniter->runController(Object(App\Controllers\Student))
10 SYSTEMPATH\CodeIgniter.php(354): CodeIgniter\CodeIgniter->handleRequest(null, Object(Config\Cache), false)
11 SYSTEMPATH\Boot.php(363): CodeIgniter\CodeIgniter->run()
12 SYSTEMPATH\Boot.php(68): CodeIgniter\Boot::runCodeIgniter(Object(CodeIgniter\CodeIgniter))
13 FCPATH\index.php(59): CodeIgniter\Boot::bootWeb(Object(Config\Paths))
14 SYSTEMPATH\rewrite.php(44): require_once('C:\\xampp\\htdocs\\WorkshopsISW613\\week8\\public\\index.php')
CRITICAL - 2025-11-18 15:26:22 --> [Caused by] mysqli_sql_exception: Unknown column 'students.career_id' in 'on clause'
in SYSTEMPATH\Database\MySQLi\Connection.php on line 327.
 1 SYSTEMPATH\Database\MySQLi\Connection.php(327): mysqli->query('SELECT `students`.*, `careers`.`name` as `career_name`
FROM `students`
LEFT JOIN `careers` ON `careers`.`id` = `students`.`career_id`', 0)
 2 SYSTEMPATH\Database\BaseConnection.php(729): CodeIgniter\Database\MySQLi\Connection->execute('SELECT `students`.*, `careers`.`name` as `career_name`
FROM `students`
LEFT JOIN `careers` ON `careers`.`id` = `students`.`career_id`')
 3 SYSTEMPATH\Database\BaseConnection.php(646): CodeIgniter\Database\BaseConnection->simpleQuery('SELECT `students`.*, `careers`.`name` as `career_name`
FROM `students`
LEFT JOIN `careers` ON `careers`.`id` = `students`.`career_id`')
 4 SYSTEMPATH\Database\BaseBuilder.php(1649): CodeIgniter\Database\BaseConnection->query('SELECT `students`.*, `careers`.`name` as `career_name`
FROM `students`
LEFT JOIN `careers` ON `careers`.`id` = `students`.`career_id`', [], false)
 5 SYSTEMPATH\Model.php(286): CodeIgniter\Database\BaseBuilder->get()
 6 SYSTEMPATH\BaseModel.php(677): CodeIgniter\Model->doFindAll(0, 0)
 7 APPPATH\Models\StudentModel.php(56): CodeIgniter\BaseModel->findAll()
 8 APPPATH\Controllers\Student.php(22): App\Models\StudentModel->getStudentsWithCareers()
 9 SYSTEMPATH\CodeIgniter.php(933): App\Controllers\Student->index()
10 SYSTEMPATH\CodeIgniter.php(507): CodeIgniter\CodeIgniter->runController(Object(App\Controllers\Student))
11 SYSTEMPATH\CodeIgniter.php(354): CodeIgniter\CodeIgniter->handleRequest(null, Object(Config\Cache), false)
12 SYSTEMPATH\Boot.php(363): CodeIgniter\CodeIgniter->run()
13 SYSTEMPATH\Boot.php(68): CodeIgniter\Boot::runCodeIgniter(Object(CodeIgniter\CodeIgniter))
14 FCPATH\index.php(59): CodeIgniter\Boot::bootWeb(Object(Config\Paths))
15 SYSTEMPATH\rewrite.php(44): require_once('C:\\xampp\\htdocs\\WorkshopsISW613\\week8\\public\\index.php')
ERROR - 2025-11-18 15:26:24 --> mysqli_sql_exception: Unknown column 'students.career_id' in 'on clause' in C:\xampp\htdocs\WorkshopsISW613\week8\system\Database\MySQLi\Connection.php:327
Stack trace:
#0 C:\xampp\htdocs\WorkshopsISW613\week8\system\Database\MySQLi\Connection.php(327): mysqli->query('SELECT `student...', 0)
#1 C:\xampp\htdocs\WorkshopsISW613\week8\system\Database\BaseConnection.php(729): CodeIgniter\Database\MySQLi\Connection->execute('SELECT `student...')
#2 C:\xampp\htdocs\WorkshopsISW613\week8\system\Database\BaseConnection.php(646): CodeIgniter\Database\BaseConnection->simpleQuery('SELECT `student...')
#3 C:\xampp\htdocs\WorkshopsISW613\week8\system\Database\BaseBuilder.php(1649): CodeIgniter\Database\BaseConnection->query('SELECT `student...', Array, false)
#4 C:\xampp\htdocs\WorkshopsISW613\week8\system\Model.php(286): CodeIgniter\Database\BaseBuilder->get()
#5 C:\xampp\htdocs\WorkshopsISW613\week8\system\BaseModel.php(677): CodeIgniter\Model->doFindAll(0, 0)
#6 C:\xampp\htdocs\WorkshopsISW613\week8\app\Models\StudentModel.php(56): CodeIgniter\BaseModel->findAll()
#7 C:\xampp\htdocs\WorkshopsISW613\week8\app\Controllers\Student.php(22): App\Models\StudentModel->getStudentsWithCareers()
#8 C:\xampp\htdocs\WorkshopsISW613\week8\system\CodeIgniter.php(933): App\Controllers\Student->index()
#9 C:\xampp\htdocs\WorkshopsISW613\week8\system\CodeIgniter.php(507): CodeIgniter\CodeIgniter->runController(Object(App\Controllers\Student))
#10 C:\xampp\htdocs\WorkshopsISW613\week8\system\CodeIgniter.php(354): CodeIgniter\CodeIgniter->handleRequest(NULL, Object(Config\Cache), false)
#11 C:\xampp\htdocs\WorkshopsISW613\week8\system\Boot.php(363): CodeIgniter\CodeIgniter->run()
#12 C:\xampp\htdocs\WorkshopsISW613\week8\system\Boot.php(68): CodeIgniter\Boot::runCodeIgniter(Object(CodeIgniter\CodeIgniter))
#13 C:\xampp\htdocs\WorkshopsISW613\week8\public\index.php(59): CodeIgniter\Boot::bootWeb(Object(Config\Paths))
#14 C:\xampp\htdocs\WorkshopsISW613\week8\system\rewrite.php(44): require_once('C:\\xampp\\htdocs...')
#15 {main}
CRITICAL - 2025-11-18 15:26:24 --> CodeIgniter\Database\Exceptions\DatabaseException: Unknown column 'students.career_id' in 'on clause'
[Method: GET, Route: students]
in SYSTEMPATH\Database\BaseConnection.php on line 684.
 1 SYSTEMPATH\Database\BaseBuilder.php(1649): CodeIgniter\Database\BaseConnection->query('SELECT `students`.*, `careers`.`name` as `career_name`
FROM `students`
LEFT JOIN `careers` ON `careers`.`id` = `students`.`career_id`', [], false)
 2 SYSTEMPATH\Model.php(286): CodeIgniter\Database\BaseBuilder->get()
 3 SYSTEMPATH\BaseModel.php(677): CodeIgniter\Model->doFindAll(0, 0)
 4 APPPATH\Models\StudentModel.php(56): CodeIgniter\BaseModel->findAll()
 5 APPPATH\Controllers\Student.php(22): App\Models\StudentModel->getStudentsWithCareers()
 6 SYSTEMPATH\CodeIgniter.php(933): App\Controllers\Student->index()
 7 SYSTEMPATH\CodeIgniter.php(507): CodeIgniter\CodeIgniter->runController(Object(App\Controllers\Student))
 8 SYSTEMPATH\CodeIgniter.php(354): CodeIgniter\CodeIgniter->handleRequest(null, Object(Config\Cache), false)
 9 SYSTEMPATH\Boot.php(363): CodeIgniter\CodeIgniter->run()
10 SYSTEMPATH\Boot.php(68): CodeIgniter\Boot::runCodeIgniter(Object(CodeIgniter\CodeIgniter))
11 FCPATH\index.php(59): CodeIgniter\Boot::bootWeb(Object(Config\Paths))
12 SYSTEMPATH\rewrite.php(44): require_once('C:\\xampp\\htdocs\\WorkshopsISW613\\week8\\public\\index.php')
CRITICAL - 2025-11-18 15:26:24 --> [Caused by] CodeIgniter\Database\Exceptions\DatabaseException: Unknown column 'students.career_id' in 'on clause'
in SYSTEMPATH\Database\MySQLi\Connection.php on line 332.
 1 SYSTEMPATH\Database\BaseConnection.php(729): CodeIgniter\Database\MySQLi\Connection->execute('SELECT `students`.*, `careers`.`name` as `career_name`
FROM `students`
LEFT JOIN `careers` ON `careers`.`id` = `students`.`career_id`')
 2 SYSTEMPATH\Database\BaseConnection.php(646): CodeIgniter\Database\BaseConnection->simpleQuery('SELECT `students`.*, `careers`.`name` as `career_name`
FROM `students`
LEFT JOIN `careers` ON `careers`.`id` = `students`.`career_id`')
 3 SYSTEMPATH\Database\BaseBuilder.php(1649): CodeIgniter\Database\BaseConnection->query('SELECT `students`.*, `careers`.`name` as `career_name`
FROM `students`
LEFT JOIN `careers` ON `careers`.`id` = `students`.`career_id`', [], false)
 4 SYSTEMPATH\Model.php(286): CodeIgniter\Database\BaseBuilder->get()
 5 SYSTEMPATH\BaseModel.php(677): CodeIgniter\Model->doFindAll(0, 0)
 6 APPPATH\Models\StudentModel.php(56): CodeIgniter\BaseModel->findAll()
 7 APPPATH\Controllers\Student.php(22): App\Models\StudentModel->getStudentsWithCareers()
 8 SYSTEMPATH\CodeIgniter.php(933): App\Controllers\Student->index()
 9 SYSTEMPATH\CodeIgniter.php(507): CodeIgniter\CodeIgniter->runController(Object(App\Controllers\Student))
10 SYSTEMPATH\CodeIgniter.php(354): CodeIgniter\CodeIgniter->handleRequest(null, Object(Config\Cache), false)
11 SYSTEMPATH\Boot.php(363): CodeIgniter\CodeIgniter->run()
12 SYSTEMPATH\Boot.php(68): CodeIgniter\Boot::runCodeIgniter(Object(CodeIgniter\CodeIgniter))
13 FCPATH\index.php(59): CodeIgniter\Boot::bootWeb(Object(Config\Paths))
14 SYSTEMPATH\rewrite.php(44): require_once('C:\\xampp\\htdocs\\WorkshopsISW613\\week8\\public\\index.php')
CRITICAL - 2025-11-18 15:26:24 --> [Caused by] mysqli_sql_exception: Unknown column 'students.career_id' in 'on clause'
in SYSTEMPATH\Database\MySQLi\Connection.php on line 327.
 1 SYSTEMPATH\Database\MySQLi\Connection.php(327): mysqli->query('SELECT `students`.*, `careers`.`name` as `career_name`
FROM `students`
LEFT JOIN `careers` ON `careers`.`id` = `students`.`career_id`', 0)
 2 SYSTEMPATH\Database\BaseConnection.php(729): CodeIgniter\Database\MySQLi\Connection->execute('SELECT `students`.*, `careers`.`name` as `career_name`
FROM `students`
LEFT JOIN `careers` ON `careers`.`id` = `students`.`career_id`')
 3 SYSTEMPATH\Database\BaseConnection.php(646): CodeIgniter\Database\BaseConnection->simpleQuery('SELECT `students`.*, `careers`.`name` as `career_name`
FROM `students`
LEFT JOIN `careers` ON `careers`.`id` = `students`.`career_id`')
 4 SYSTEMPATH\Database\BaseBuilder.php(1649): CodeIgniter\Database\BaseConnection->query('SELECT `students`.*, `careers`.`name` as `career_name`
FROM `students`
LEFT JOIN `careers` ON `careers`.`id` = `students`.`career_id`', [], false)
 5 SYSTEMPATH\Model.php(286): CodeIgniter\Database\BaseBuilder->get()
 6 SYSTEMPATH\BaseModel.php(677): CodeIgniter\Model->doFindAll(0, 0)
 7 APPPATH\Models\StudentModel.php(56): CodeIgniter\BaseModel->findAll()
 8 APPPATH\Controllers\Student.php(22): App\Models\StudentModel->getStudentsWithCareers()
 9 SYSTEMPATH\CodeIgniter.php(933): App\Controllers\Student->index()
10 SYSTEMPATH\CodeIgniter.php(507): CodeIgniter\CodeIgniter->runController(Object(App\Controllers\Student))
11 SYSTEMPATH\CodeIgniter.php(354): CodeIgniter\CodeIgniter->handleRequest(null, Object(Config\Cache), false)
12 SYSTEMPATH\Boot.php(363): CodeIgniter\CodeIgniter->run()
13 SYSTEMPATH\Boot.php(68): CodeIgniter\Boot::runCodeIgniter(Object(CodeIgniter\CodeIgniter))
14 FCPATH\index.php(59): CodeIgniter\Boot::bootWeb(Object(Config\Paths))
15 SYSTEMPATH\rewrite.php(44): require_once('C:\\xampp\\htdocs\\WorkshopsISW613\\week8\\public\\index.php')
ERROR - 2025-11-18 15:26:24 --> mysqli_sql_exception: Unknown column 'students.career_id' in 'on clause' in C:\xampp\htdocs\WorkshopsISW613\week8\system\Database\MySQLi\Connection.php:327
Stack trace:
#0 C:\xampp\htdocs\WorkshopsISW613\week8\system\Database\MySQLi\Connection.php(327): mysqli->query('SELECT `student...', 0)
#1 C:\xampp\htdocs\WorkshopsISW613\week8\system\Database\BaseConnection.php(729): CodeIgniter\Database\MySQLi\Connection->execute('SELECT `student...')
#2 C:\xampp\htdocs\WorkshopsISW613\week8\system\Database\BaseConnection.php(646): CodeIgniter\Database\BaseConnection->simpleQuery('SELECT `student...')
#3 C:\xampp\htdocs\WorkshopsISW613\week8\system\Database\BaseBuilder.php(1649): CodeIgniter\Database\BaseConnection->query('SELECT `student...', Array, false)
#4 C:\xampp\htdocs\WorkshopsISW613\week8\system\Model.php(286): CodeIgniter\Database\BaseBuilder->get()
#5 C:\xampp\htdocs\WorkshopsISW613\week8\system\BaseModel.php(677): CodeIgniter\Model->doFindAll(0, 0)
#6 C:\xampp\htdocs\WorkshopsISW613\week8\app\Models\StudentModel.php(56): CodeIgniter\BaseModel->findAll()
#7 C:\xampp\htdocs\WorkshopsISW613\week8\app\Controllers\Student.php(22): App\Models\StudentModel->getStudentsWithCareers()
#8 C:\xampp\htdocs\WorkshopsISW613\week8\system\CodeIgniter.php(933): App\Controllers\Student->index()
#9 C:\xampp\htdocs\WorkshopsISW613\week8\system\CodeIgniter.php(507): CodeIgniter\CodeIgniter->runController(Object(App\Controllers\Student))
#10 C:\xampp\htdocs\WorkshopsISW613\week8\system\CodeIgniter.php(354): CodeIgniter\CodeIgniter->handleRequest(NULL, Object(Config\Cache), false)
#11 C:\xampp\htdocs\WorkshopsISW613\week8\system\Boot.php(363): CodeIgniter\CodeIgniter->run()
#12 C:\xampp\htdocs\WorkshopsISW613\week8\system\Boot.php(68): CodeIgniter\Boot::runCodeIgniter(Object(CodeIgniter\CodeIgniter))
#13 C:\xampp\htdocs\WorkshopsISW613\week8\public\index.php(59): CodeIgniter\Boot::bootWeb(Object(Config\Paths))
#14 C:\xampp\htdocs\WorkshopsISW613\week8\system\rewrite.php(44): require_once('C:\\xampp\\htdocs...')
#15 {main}
CRITICAL - 2025-11-18 15:26:24 --> CodeIgniter\Database\Exceptions\DatabaseException: Unknown column 'students.career_id' in 'on clause'
[Method: GET, Route: students]
in SYSTEMPATH\Database\BaseConnection.php on line 684.
 1 SYSTEMPATH\Database\BaseBuilder.php(1649): CodeIgniter\Database\BaseConnection->query('SELECT `students`.*, `careers`.`name` as `career_name`
FROM `students`
LEFT JOIN `careers` ON `careers`.`id` = `students`.`career_id`', [], false)
 2 SYSTEMPATH\Model.php(286): CodeIgniter\Database\BaseBuilder->get()
 3 SYSTEMPATH\BaseModel.php(677): CodeIgniter\Model->doFindAll(0, 0)
 4 APPPATH\Models\StudentModel.php(56): CodeIgniter\BaseModel->findAll()
 5 APPPATH\Controllers\Student.php(22): App\Models\StudentModel->getStudentsWithCareers()
 6 SYSTEMPATH\CodeIgniter.php(933): App\Controllers\Student->index()
 7 SYSTEMPATH\CodeIgniter.php(507): CodeIgniter\CodeIgniter->runController(Object(App\Controllers\Student))
 8 SYSTEMPATH\CodeIgniter.php(354): CodeIgniter\CodeIgniter->handleRequest(null, Object(Config\Cache), false)
 9 SYSTEMPATH\Boot.php(363): CodeIgniter\CodeIgniter->run()
10 SYSTEMPATH\Boot.php(68): CodeIgniter\Boot::runCodeIgniter(Object(CodeIgniter\CodeIgniter))
11 FCPATH\index.php(59): CodeIgniter\Boot::bootWeb(Object(Config\Paths))
12 SYSTEMPATH\rewrite.php(44): require_once('C:\\xampp\\htdocs\\WorkshopsISW613\\week8\\public\\index.php')
CRITICAL - 2025-11-18 15:26:24 --> [Caused by] CodeIgniter\Database\Exceptions\DatabaseException: Unknown column 'students.career_id' in 'on clause'
in SYSTEMPATH\Database\MySQLi\Connection.php on line 332.
 1 SYSTEMPATH\Database\BaseConnection.php(729): CodeIgniter\Database\MySQLi\Connection->execute('SELECT `students`.*, `careers`.`name` as `career_name`
FROM `students`
LEFT JOIN `careers` ON `careers`.`id` = `students`.`career_id`')
 2 SYSTEMPATH\Database\BaseConnection.php(646): CodeIgniter\Database\BaseConnection->simpleQuery('SELECT `students`.*, `careers`.`name` as `career_name`
FROM `students`
LEFT JOIN `careers` ON `careers`.`id` = `students`.`career_id`')
 3 SYSTEMPATH\Database\BaseBuilder.php(1649): CodeIgniter\Database\BaseConnection->query('SELECT `students`.*, `careers`.`name` as `career_name`
FROM `students`
LEFT JOIN `careers` ON `careers`.`id` = `students`.`career_id`', [], false)
 4 SYSTEMPATH\Model.php(286): CodeIgniter\Database\BaseBuilder->get()
 5 SYSTEMPATH\BaseModel.php(677): CodeIgniter\Model->doFindAll(0, 0)
 6 APPPATH\Models\StudentModel.php(56): CodeIgniter\BaseModel->findAll()
 7 APPPATH\Controllers\Student.php(22): App\Models\StudentModel->getStudentsWithCareers()
 8 SYSTEMPATH\CodeIgniter.php(933): App\Controllers\Student->index()
 9 SYSTEMPATH\CodeIgniter.php(507): CodeIgniter\CodeIgniter->runController(Object(App\Controllers\Student))
10 SYSTEMPATH\CodeIgniter.php(354): CodeIgniter\CodeIgniter->handleRequest(null, Object(Config\Cache), false)
11 SYSTEMPATH\Boot.php(363): CodeIgniter\CodeIgniter->run()
12 SYSTEMPATH\Boot.php(68): CodeIgniter\Boot::runCodeIgniter(Object(CodeIgniter\CodeIgniter))
13 FCPATH\index.php(59): CodeIgniter\Boot::bootWeb(Object(Config\Paths))
14 SYSTEMPATH\rewrite.php(44): require_once('C:\\xampp\\htdocs\\WorkshopsISW613\\week8\\public\\index.php')
CRITICAL - 2025-11-18 15:26:24 --> [Caused by] mysqli_sql_exception: Unknown column 'students.career_id' in 'on clause'
in SYSTEMPATH\Database\MySQLi\Connection.php on line 327.
 1 SYSTEMPATH\Database\MySQLi\Connection.php(327): mysqli->query('SELECT `students`.*, `careers`.`name` as `career_name`
FROM `students`
LEFT JOIN `careers` ON `careers`.`id` = `students`.`career_id`', 0)
 2 SYSTEMPATH\Database\BaseConnection.php(729): CodeIgniter\Database\MySQLi\Connection->execute('SELECT `students`.*, `careers`.`name` as `career_name`
FROM `students`
LEFT JOIN `careers` ON `careers`.`id` = `students`.`career_id`')
 3 SYSTEMPATH\Database\BaseConnection.php(646): CodeIgniter\Database\BaseConnection->simpleQuery('SELECT `students`.*, `careers`.`name` as `career_name`
FROM `students`
LEFT JOIN `careers` ON `careers`.`id` = `students`.`career_id`')
 4 SYSTEMPATH\Database\BaseBuilder.php(1649): CodeIgniter\Database\BaseConnection->query('SELECT `students`.*, `careers`.`name` as `career_name`
FROM `students`
LEFT JOIN `careers` ON `careers`.`id` = `students`.`career_id`', [], false)
 5 SYSTEMPATH\Model.php(286): CodeIgniter\Database\BaseBuilder->get()
 6 SYSTEMPATH\BaseModel.php(677): CodeIgniter\Model->doFindAll(0, 0)
 7 APPPATH\Models\StudentModel.php(56): CodeIgniter\BaseModel->findAll()
 8 APPPATH\Controllers\Student.php(22): App\Models\StudentModel->getStudentsWithCareers()
 9 SYSTEMPATH\CodeIgniter.php(933): App\Controllers\Student->index()
10 SYSTEMPATH\CodeIgniter.php(507): CodeIgniter\CodeIgniter->runController(Object(App\Controllers\Student))
11 SYSTEMPATH\CodeIgniter.php(354): CodeIgniter\CodeIgniter->handleRequest(null, Object(Config\Cache), false)
12 SYSTEMPATH\Boot.php(363): CodeIgniter\CodeIgniter->run()
13 SYSTEMPATH\Boot.php(68): CodeIgniter\Boot::runCodeIgniter(Object(CodeIgniter\CodeIgniter))
14 FCPATH\index.php(59): CodeIgniter\Boot::bootWeb(Object(Config\Paths))
15 SYSTEMPATH\rewrite.php(44): require_once('C:\\xampp\\htdocs\\WorkshopsISW613\\week8\\public\\index.php')
ERROR - 2025-11-18 15:26:24 --> mysqli_sql_exception: Unknown column 'students.career_id' in 'on clause' in C:\xampp\htdocs\WorkshopsISW613\week8\system\Database\MySQLi\Connection.php:327
Stack trace:
#0 C:\xampp\htdocs\WorkshopsISW613\week8\system\Database\MySQLi\Connection.php(327): mysqli->query('SELECT `student...', 0)
#1 C:\xampp\htdocs\WorkshopsISW613\week8\system\Database\BaseConnection.php(729): CodeIgniter\Database\MySQLi\Connection->execute('SELECT `student...')
#2 C:\xampp\htdocs\WorkshopsISW613\week8\system\Database\BaseConnection.php(646): CodeIgniter\Database\BaseConnection->simpleQuery('SELECT `student...')
#3 C:\xampp\htdocs\WorkshopsISW613\week8\system\Database\BaseBuilder.php(1649): CodeIgniter\Database\BaseConnection->query('SELECT `student...', Array, false)
#4 C:\xampp\htdocs\WorkshopsISW613\week8\system\Model.php(286): CodeIgniter\Database\BaseBuilder->get()
#5 C:\xampp\htdocs\WorkshopsISW613\week8\system\BaseModel.php(677): CodeIgniter\Model->doFindAll(0, 0)
#6 C:\xampp\htdocs\WorkshopsISW613\week8\app\Models\StudentModel.php(56): CodeIgniter\BaseModel->findAll()
#7 C:\xampp\htdocs\WorkshopsISW613\week8\app\Controllers\Student.php(22): App\Models\StudentModel->getStudentsWithCareers()
#8 C:\xampp\htdocs\WorkshopsISW613\week8\system\CodeIgniter.php(933): App\Controllers\Student->index()
#9 C:\xampp\htdocs\WorkshopsISW613\week8\system\CodeIgniter.php(507): CodeIgniter\CodeIgniter->runController(Object(App\Controllers\Student))
#10 C:\xampp\htdocs\WorkshopsISW613\week8\system\CodeIgniter.php(354): CodeIgniter\CodeIgniter->handleRequest(NULL, Object(Config\Cache), false)
#11 C:\xampp\htdocs\WorkshopsISW613\week8\system\Boot.php(363): CodeIgniter\CodeIgniter->run()
#12 C:\xampp\htdocs\WorkshopsISW613\week8\system\Boot.php(68): CodeIgniter\Boot::runCodeIgniter(Object(CodeIgniter\CodeIgniter))
#13 C:\xampp\htdocs\WorkshopsISW613\week8\public\index.php(59): CodeIgniter\Boot::bootWeb(Object(Config\Paths))
#14 C:\xampp\htdocs\WorkshopsISW613\week8\system\rewrite.php(44): require_once('C:\\xampp\\htdocs...')
#15 {main}
CRITICAL - 2025-11-18 15:26:24 --> CodeIgniter\Database\Exceptions\DatabaseException: Unknown column 'students.career_id' in 'on clause'
[Method: GET, Route: students]
in SYSTEMPATH\Database\BaseConnection.php on line 684.
 1 SYSTEMPATH\Database\BaseBuilder.php(1649): CodeIgniter\Database\BaseConnection->query('SELECT `students`.*, `careers`.`name` as `career_name`
FROM `students`
LEFT JOIN `careers` ON `careers`.`id` = `students`.`career_id`', [], false)
 2 SYSTEMPATH\Model.php(286): CodeIgniter\Database\BaseBuilder->get()
 3 SYSTEMPATH\BaseModel.php(677): CodeIgniter\Model->doFindAll(0, 0)
 4 APPPATH\Models\StudentModel.php(56): CodeIgniter\BaseModel->findAll()
 5 APPPATH\Controllers\Student.php(22): App\Models\StudentModel->getStudentsWithCareers()
 6 SYSTEMPATH\CodeIgniter.php(933): App\Controllers\Student->index()
 7 SYSTEMPATH\CodeIgniter.php(507): CodeIgniter\CodeIgniter->runController(Object(App\Controllers\Student))
 8 SYSTEMPATH\CodeIgniter.php(354): CodeIgniter\CodeIgniter->handleRequest(null, Object(Config\Cache), false)
 9 SYSTEMPATH\Boot.php(363): CodeIgniter\CodeIgniter->run()
10 SYSTEMPATH\Boot.php(68): CodeIgniter\Boot::runCodeIgniter(Object(CodeIgniter\CodeIgniter))
11 FCPATH\index.php(59): CodeIgniter\Boot::bootWeb(Object(Config\Paths))
12 SYSTEMPATH\rewrite.php(44): require_once('C:\\xampp\\htdocs\\WorkshopsISW613\\week8\\public\\index.php')
CRITICAL - 2025-11-18 15:26:24 --> [Caused by] CodeIgniter\Database\Exceptions\DatabaseException: Unknown column 'students.career_id' in 'on clause'
in SYSTEMPATH\Database\MySQLi\Connection.php on line 332.
 1 SYSTEMPATH\Database\BaseConnection.php(729): CodeIgniter\Database\MySQLi\Connection->execute('SELECT `students`.*, `careers`.`name` as `career_name`
FROM `students`
LEFT JOIN `careers` ON `careers`.`id` = `students`.`career_id`')
 2 SYSTEMPATH\Database\BaseConnection.php(646): CodeIgniter\Database\BaseConnection->simpleQuery('SELECT `students`.*, `careers`.`name` as `career_name`
FROM `students`
LEFT JOIN `careers` ON `careers`.`id` = `students`.`career_id`')
 3 SYSTEMPATH\Database\BaseBuilder.php(1649): CodeIgniter\Database\BaseConnection->query('SELECT `students`.*, `careers`.`name` as `career_name`
FROM `students`
LEFT JOIN `careers` ON `careers`.`id` = `students`.`career_id`', [], false)
 4 SYSTEMPATH\Model.php(286): CodeIgniter\Database\BaseBuilder->get()
 5 SYSTEMPATH\BaseModel.php(677): CodeIgniter\Model->doFindAll(0, 0)
 6 APPPATH\Models\StudentModel.php(56): CodeIgniter\BaseModel->findAll()
 7 APPPATH\Controllers\Student.php(22): App\Models\StudentModel->getStudentsWithCareers()
 8 SYSTEMPATH\CodeIgniter.php(933): App\Controllers\Student->index()
 9 SYSTEMPATH\CodeIgniter.php(507): CodeIgniter\CodeIgniter->runController(Object(App\Controllers\Student))
10 SYSTEMPATH\CodeIgniter.php(354): CodeIgniter\CodeIgniter->handleRequest(null, Object(Config\Cache), false)
11 SYSTEMPATH\Boot.php(363): CodeIgniter\CodeIgniter->run()
12 SYSTEMPATH\Boot.php(68): CodeIgniter\Boot::runCodeIgniter(Object(CodeIgniter\CodeIgniter))
13 FCPATH\index.php(59): CodeIgniter\Boot::bootWeb(Object(Config\Paths))
14 SYSTEMPATH\rewrite.php(44): require_once('C:\\xampp\\htdocs\\WorkshopsISW613\\week8\\public\\index.php')
CRITICAL - 2025-11-18 15:26:24 --> [Caused by] mysqli_sql_exception: Unknown column 'students.career_id' in 'on clause'
in SYSTEMPATH\Database\MySQLi\Connection.php on line 327.
 1 SYSTEMPATH\Database\MySQLi\Connection.php(327): mysqli->query('SELECT `students`.*, `careers`.`name` as `career_name`
FROM `students`
LEFT JOIN `careers` ON `careers`.`id` = `students`.`career_id`', 0)
 2 SYSTEMPATH\Database\BaseConnection.php(729): CodeIgniter\Database\MySQLi\Connection->execute('SELECT `students`.*, `careers`.`name` as `career_name`
FROM `students`
LEFT JOIN `careers` ON `careers`.`id` = `students`.`career_id`')
 3 SYSTEMPATH\Database\BaseConnection.php(646): CodeIgniter\Database\BaseConnection->simpleQuery('SELECT `students`.*, `careers`.`name` as `career_name`
FROM `students`
LEFT JOIN `careers` ON `careers`.`id` = `students`.`career_id`')
 4 SYSTEMPATH\Database\BaseBuilder.php(1649): CodeIgniter\Database\BaseConnection->query('SELECT `students`.*, `careers`.`name` as `career_name`
FROM `students`
LEFT JOIN `careers` ON `careers`.`id` = `students`.`career_id`', [], false)
 5 SYSTEMPATH\Model.php(286): CodeIgniter\Database\BaseBuilder->get()
 6 SYSTEMPATH\BaseModel.php(677): CodeIgniter\Model->doFindAll(0, 0)
 7 APPPATH\Models\StudentModel.php(56): CodeIgniter\BaseModel->findAll()
 8 APPPATH\Controllers\Student.php(22): App\Models\StudentModel->getStudentsWithCareers()
 9 SYSTEMPATH\CodeIgniter.php(933): App\Controllers\Student->index()
10 SYSTEMPATH\CodeIgniter.php(507): CodeIgniter\CodeIgniter->runController(Object(App\Controllers\Student))
11 SYSTEMPATH\CodeIgniter.php(354): CodeIgniter\CodeIgniter->handleRequest(null, Object(Config\Cache), false)
12 SYSTEMPATH\Boot.php(363): CodeIgniter\CodeIgniter->run()
13 SYSTEMPATH\Boot.php(68): CodeIgniter\Boot::runCodeIgniter(Object(CodeIgniter\CodeIgniter))
14 FCPATH\index.php(59): CodeIgniter\Boot::bootWeb(Object(Config\Paths))
15 SYSTEMPATH\rewrite.php(44): require_once('C:\\xampp\\htdocs\\WorkshopsISW613\\week8\\public\\index.php')
ERROR - 2025-11-18 15:26:32 --> mysqli_sql_exception: Unknown column 'students.career_id' in 'on clause' in C:\xampp\htdocs\WorkshopsISW613\week8\system\Database\MySQLi\Connection.php:327
Stack trace:
#0 C:\xampp\htdocs\WorkshopsISW613\week8\system\Database\MySQLi\Connection.php(327): mysqli->query('SELECT `student...', 0)
#1 C:\xampp\htdocs\WorkshopsISW613\week8\system\Database\BaseConnection.php(729): CodeIgniter\Database\MySQLi\Connection->execute('SELECT `student...')
#2 C:\xampp\htdocs\WorkshopsISW613\week8\system\Database\BaseConnection.php(646): CodeIgniter\Database\BaseConnection->simpleQuery('SELECT `student...')
#3 C:\xampp\htdocs\WorkshopsISW613\week8\system\Database\BaseBuilder.php(1649): CodeIgniter\Database\BaseConnection->query('SELECT `student...', Array, false)
#4 C:\xampp\htdocs\WorkshopsISW613\week8\system\Model.php(286): CodeIgniter\Database\BaseBuilder->get()
#5 C:\xampp\htdocs\WorkshopsISW613\week8\system\BaseModel.php(677): CodeIgniter\Model->doFindAll(0, 0)
#6 C:\xampp\htdocs\WorkshopsISW613\week8\app\Models\StudentModel.php(56): CodeIgniter\BaseModel->findAll()
#7 C:\xampp\htdocs\WorkshopsISW613\week8\app\Controllers\Student.php(22): App\Models\StudentModel->getStudentsWithCareers()
#8 C:\xampp\htdocs\WorkshopsISW613\week8\system\CodeIgniter.php(933): App\Controllers\Student->index()
#9 C:\xampp\htdocs\WorkshopsISW613\week8\system\CodeIgniter.php(507): CodeIgniter\CodeIgniter->runController(Object(App\Controllers\Student))
#10 C:\xampp\htdocs\WorkshopsISW613\week8\system\CodeIgniter.php(354): CodeIgniter\CodeIgniter->handleRequest(NULL, Object(Config\Cache), false)
#11 C:\xampp\htdocs\WorkshopsISW613\week8\system\Boot.php(363): CodeIgniter\CodeIgniter->run()
#12 C:\xampp\htdocs\WorkshopsISW613\week8\system\Boot.php(68): CodeIgniter\Boot::runCodeIgniter(Object(CodeIgniter\CodeIgniter))
#13 C:\xampp\htdocs\WorkshopsISW613\week8\public\index.php(59): CodeIgniter\Boot::bootWeb(Object(Config\Paths))
#14 C:\xampp\htdocs\WorkshopsISW613\week8\system\rewrite.php(44): require_once('C:\\xampp\\htdocs...')
#15 {main}
CRITICAL - 2025-11-18 15:26:32 --> CodeIgniter\Database\Exceptions\DatabaseException: Unknown column 'students.career_id' in 'on clause'
[Method: GET, Route: /]
in SYSTEMPATH\Database\BaseConnection.php on line 684.
 1 SYSTEMPATH\Database\BaseBuilder.php(1649): CodeIgniter\Database\BaseConnection->query('SELECT `students`.*, `careers`.`name` as `career_name`
FROM `students`
LEFT JOIN `careers` ON `careers`.`id` = `students`.`career_id`', [], false)
 2 SYSTEMPATH\Model.php(286): CodeIgniter\Database\BaseBuilder->get()
 3 SYSTEMPATH\BaseModel.php(677): CodeIgniter\Model->doFindAll(0, 0)
 4 APPPATH\Models\StudentModel.php(56): CodeIgniter\BaseModel->findAll()
 5 APPPATH\Controllers\Student.php(22): App\Models\StudentModel->getStudentsWithCareers()
 6 SYSTEMPATH\CodeIgniter.php(933): App\Controllers\Student->index()
 7 SYSTEMPATH\CodeIgniter.php(507): CodeIgniter\CodeIgniter->runController(Object(App\Controllers\Student))
 8 SYSTEMPATH\CodeIgniter.php(354): CodeIgniter\CodeIgniter->handleRequest(null, Object(Config\Cache), false)
 9 SYSTEMPATH\Boot.php(363): CodeIgniter\CodeIgniter->run()
10 SYSTEMPATH\Boot.php(68): CodeIgniter\Boot::runCodeIgniter(Object(CodeIgniter\CodeIgniter))
11 FCPATH\index.php(59): CodeIgniter\Boot::bootWeb(Object(Config\Paths))
12 SYSTEMPATH\rewrite.php(44): require_once('C:\\xampp\\htdocs\\WorkshopsISW613\\week8\\public\\index.php')
CRITICAL - 2025-11-18 15:26:32 --> [Caused by] CodeIgniter\Database\Exceptions\DatabaseException: Unknown column 'students.career_id' in 'on clause'
in SYSTEMPATH\Database\MySQLi\Connection.php on line 332.
 1 SYSTEMPATH\Database\BaseConnection.php(729): CodeIgniter\Database\MySQLi\Connection->execute('SELECT `students`.*, `careers`.`name` as `career_name`
FROM `students`
LEFT JOIN `careers` ON `careers`.`id` = `students`.`career_id`')
 2 SYSTEMPATH\Database\BaseConnection.php(646): CodeIgniter\Database\BaseConnection->simpleQuery('SELECT `students`.*, `careers`.`name` as `career_name`
FROM `students`
LEFT JOIN `careers` ON `careers`.`id` = `students`.`career_id`')
 3 SYSTEMPATH\Database\BaseBuilder.php(1649): CodeIgniter\Database\BaseConnection->query('SELECT `students`.*, `careers`.`name` as `career_name`
FROM `students`
LEFT JOIN `careers` ON `careers`.`id` = `students`.`career_id`', [], false)
 4 SYSTEMPATH\Model.php(286): CodeIgniter\Database\BaseBuilder->get()
 5 SYSTEMPATH\BaseModel.php(677): CodeIgniter\Model->doFindAll(0, 0)
 6 APPPATH\Models\StudentModel.php(56): CodeIgniter\BaseModel->findAll()
 7 APPPATH\Controllers\Student.php(22): App\Models\StudentModel->getStudentsWithCareers()
 8 SYSTEMPATH\CodeIgniter.php(933): App\Controllers\Student->index()
 9 SYSTEMPATH\CodeIgniter.php(507): CodeIgniter\CodeIgniter->runController(Object(App\Controllers\Student))
10 SYSTEMPATH\CodeIgniter.php(354): CodeIgniter\CodeIgniter->handleRequest(null, Object(Config\Cache), false)
11 SYSTEMPATH\Boot.php(363): CodeIgniter\CodeIgniter->run()
12 SYSTEMPATH\Boot.php(68): CodeIgniter\Boot::runCodeIgniter(Object(CodeIgniter\CodeIgniter))
13 FCPATH\index.php(59): CodeIgniter\Boot::bootWeb(Object(Config\Paths))
14 SYSTEMPATH\rewrite.php(44): require_once('C:\\xampp\\htdocs\\WorkshopsISW613\\week8\\public\\index.php')
CRITICAL - 2025-11-18 15:26:32 --> [Caused by] mysqli_sql_exception: Unknown column 'students.career_id' in 'on clause'
in SYSTEMPATH\Database\MySQLi\Connection.php on line 327.
 1 SYSTEMPATH\Database\MySQLi\Connection.php(327): mysqli->query('SELECT `students`.*, `careers`.`name` as `career_name`
FROM `students`
LEFT JOIN `careers` ON `careers`.`id` = `students`.`career_id`', 0)
 2 SYSTEMPATH\Database\BaseConnection.php(729): CodeIgniter\Database\MySQLi\Connection->execute('SELECT `students`.*, `careers`.`name` as `career_name`
FROM `students`
LEFT JOIN `careers` ON `careers`.`id` = `students`.`career_id`')
 3 SYSTEMPATH\Database\BaseConnection.php(646): CodeIgniter\Database\BaseConnection->simpleQuery('SELECT `students`.*, `careers`.`name` as `career_name`
FROM `students`
LEFT JOIN `careers` ON `careers`.`id` = `students`.`career_id`')
 4 SYSTEMPATH\Database\BaseBuilder.php(1649): CodeIgniter\Database\BaseConnection->query('SELECT `students`.*, `careers`.`name` as `career_name`
FROM `students`
LEFT JOIN `careers` ON `careers`.`id` = `students`.`career_id`', [], false)
 5 SYSTEMPATH\Model.php(286): CodeIgniter\Database\BaseBuilder->get()
 6 SYSTEMPATH\BaseModel.php(677): CodeIgniter\Model->doFindAll(0, 0)
 7 APPPATH\Models\StudentModel.php(56): CodeIgniter\BaseModel->findAll()
 8 APPPATH\Controllers\Student.php(22): App\Models\StudentModel->getStudentsWithCareers()
 9 SYSTEMPATH\CodeIgniter.php(933): App\Controllers\Student->index()
10 SYSTEMPATH\CodeIgniter.php(507): CodeIgniter\CodeIgniter->runController(Object(App\Controllers\Student))
11 SYSTEMPATH\CodeIgniter.php(354): CodeIgniter\CodeIgniter->handleRequest(null, Object(Config\Cache), false)
12 SYSTEMPATH\Boot.php(363): CodeIgniter\CodeIgniter->run()
13 SYSTEMPATH\Boot.php(68): CodeIgniter\Boot::runCodeIgniter(Object(CodeIgniter\CodeIgniter))
14 FCPATH\index.php(59): CodeIgniter\Boot::bootWeb(Object(Config\Paths))
15 SYSTEMPATH\rewrite.php(44): require_once('C:\\xampp\\htdocs\\WorkshopsISW613\\week8\\public\\index.php')
