CRITICAL - 2025-11-04 16:29:36 --> ErrorException: Undefined array key "name"
[Method: GET, Route: /]
in APPPATH/Views/students/index.php on line 12.
 1 APPPATH/Views/students/index.php(12): CodeIgniter\Debug\Exceptions->errorHandler(2, 'Undefined array key "name"', '/Users/owner/dev/utn/isw613/week8/app/Views/students/index.php', 12)
 2 SYSTEMPATH/View/View.php(226): include('/Users/owner/dev/utn/isw613/week8/app/Views/students/index.php')
 3 SYSTEMPATH/View/View.php(229): CodeIgniter\View\View->CodeIgniter\View\{closure}()
 4 SYSTEMPATH/Common.php(1167): CodeIgniter\View\View->render('students/index', [], true)
 5 APPPATH/Controllers/Student.php(13): view('students/index', [...])
 6 SYSTEMPATH/CodeIgniter.php(933): App\Controllers\Student->index()
 7 SYSTEMPATH/CodeIgniter.php(507): CodeIgniter\CodeIgniter->runController(Object(App\Controllers\Student))
 8 SYSTEMPATH/CodeIgniter.php(354): CodeIgniter\CodeIgniter->handleRequest(null, Object(Config\Cache), false)
 9 SYSTEMPATH/Boot.php(363): CodeIgniter\CodeIgniter->run()
10 SYSTEMPATH/Boot.php(68): CodeIgniter\Boot::runCodeIgniter(Object(CodeIgniter\CodeIgniter))
11 FCPATH/index.php(59): CodeIgniter\Boot::bootWeb(Object(Config\Paths))
12 SYSTEMPATH/rewrite.php(44): require_once('/Users/owner/dev/utn/isw613/week8/public/index.php')
CRITICAL - 2025-11-04 16:36:27 --> CodeIgniter\View\Exceptions\ViewException: Invalid file: "students/create.php"
[Method: GET, Route: students/create]
in SYSTEMPATH/Exceptions/FrameworkException.php on line 39.
 1 SYSTEMPATH/View/View.php(214): CodeIgniter\Exceptions\FrameworkException::forInvalidFile('students/create.php')
 2 SYSTEMPATH/Common.php(1167): CodeIgniter\View\View->render('students/create', [], true)
 3 APPPATH/Controllers/Student.php(18): view('students/create')
 4 SYSTEMPATH/CodeIgniter.php(933): App\Controllers\Student->create()
 5 SYSTEMPATH/CodeIgniter.php(507): CodeIgniter\CodeIgniter->runController(Object(App\Controllers\Student))
 6 SYSTEMPATH/CodeIgniter.php(354): CodeIgniter\CodeIgniter->handleRequest(null, Object(Config\Cache), false)
 7 SYSTEMPATH/Boot.php(363): CodeIgniter\CodeIgniter->run()
 8 SYSTEMPATH/Boot.php(68): CodeIgniter\Boot::runCodeIgniter(Object(CodeIgniter\CodeIgniter))
 9 FCPATH/index.php(59): CodeIgniter\Boot::bootWeb(Object(Config\Paths))
10 SYSTEMPATH/rewrite.php(44): require_once('/Users/owner/dev/utn/isw613/week8/public/index.php')
ERROR - 2025-11-04 16:40:14 --> mysqli_sql_exception: Duplicate entry 'bladimir@gmail.com' for key 'students.email' in /Users/owner/dev/utn/isw613/week8/system/Database/MySQLi/Connection.php:327
Stack trace:
#0 /Users/owner/dev/utn/isw613/week8/system/Database/MySQLi/Connection.php(327): mysqli->query('INSERT INTO `st...', 0)
#1 /Users/owner/dev/utn/isw613/week8/system/Database/BaseConnection.php(729): CodeIgniter\Database\MySQLi\Connection->execute('INSERT INTO `st...')
#2 /Users/owner/dev/utn/isw613/week8/system/Database/BaseConnection.php(646): CodeIgniter\Database\BaseConnection->simpleQuery('INSERT INTO `st...')
#3 /Users/owner/dev/utn/isw613/week8/system/Database/BaseBuilder.php(2345): CodeIgniter\Database\BaseConnection->query('INSERT INTO `st...', Array, false)
#4 /Users/owner/dev/utn/isw613/week8/system/Model.php(394): CodeIgniter\Database\BaseBuilder->insert()
#5 /Users/owner/dev/utn/isw613/week8/system/BaseModel.php(838): CodeIgniter\Model->doInsert(Array)
#6 /Users/owner/dev/utn/isw613/week8/system/Model.php(797): CodeIgniter\BaseModel->insert(Array, false)
#7 /Users/owner/dev/utn/isw613/week8/system/BaseModel.php(751): CodeIgniter\Model->insert(Array, false)
#8 /Users/owner/dev/utn/isw613/week8/app/Controllers/Student.php(28): CodeIgniter\BaseModel->save(Array)
#9 /Users/owner/dev/utn/isw613/week8/system/CodeIgniter.php(933): App\Controllers\Student->store()
#10 /Users/owner/dev/utn/isw613/week8/system/CodeIgniter.php(507): CodeIgniter\CodeIgniter->runController(Object(App\Controllers\Student))
#11 /Users/owner/dev/utn/isw613/week8/system/CodeIgniter.php(354): CodeIgniter\CodeIgniter->handleRequest(NULL, Object(Config\Cache), false)
#12 /Users/owner/dev/utn/isw613/week8/system/Boot.php(363): CodeIgniter\CodeIgniter->run()
#13 /Users/owner/dev/utn/isw613/week8/system/Boot.php(68): CodeIgniter\Boot::runCodeIgniter(Object(CodeIgniter\CodeIgniter))
#14 /Users/owner/dev/utn/isw613/week8/public/index.php(59): CodeIgniter\Boot::bootWeb(Object(Config\Paths))
#15 /Users/owner/dev/utn/isw613/week8/system/rewrite.php(44): require_once('/Users/owner/de...')
#16 {main}
CRITICAL - 2025-11-04 16:40:14 --> CodeIgniter\Database\Exceptions\DatabaseException: Duplicate entry 'bladimir@gmail.com' for key 'students.email'
[Method: POST, Route: students/store]
in SYSTEMPATH/Database/BaseConnection.php on line 684.
 1 SYSTEMPATH/Database/BaseBuilder.php(2345): CodeIgniter\Database\BaseConnection->query('INSERT INTO `students` (`first_name`, `last_name`, `email`, `created_at`, `updated_at`) VALUES (:first_name:, :last_name:, :email:, :created_at:, :updated_at:)', [...], false)
 2 SYSTEMPATH/Model.php(394): CodeIgniter\Database\BaseBuilder->insert()
 3 SYSTEMPATH/BaseModel.php(838): CodeIgniter\Model->doInsert([...])
 4 SYSTEMPATH/Model.php(797): CodeIgniter\BaseModel->insert([...], false)
 5 SYSTEMPATH/BaseModel.php(751): CodeIgniter\Model->insert([...], false)
 6 APPPATH/Controllers/Student.php(28): CodeIgniter\BaseModel->save([...])
 7 SYSTEMPATH/CodeIgniter.php(933): App\Controllers\Student->store()
 8 SYSTEMPATH/CodeIgniter.php(507): CodeIgniter\CodeIgniter->runController(Object(App\Controllers\Student))
 9 SYSTEMPATH/CodeIgniter.php(354): CodeIgniter\CodeIgniter->handleRequest(null, Object(Config\Cache), false)
10 SYSTEMPATH/Boot.php(363): CodeIgniter\CodeIgniter->run()
11 SYSTEMPATH/Boot.php(68): CodeIgniter\Boot::runCodeIgniter(Object(CodeIgniter\CodeIgniter))
12 FCPATH/index.php(59): CodeIgniter\Boot::bootWeb(Object(Config\Paths))
13 SYSTEMPATH/rewrite.php(44): require_once('/Users/owner/dev/utn/isw613/week8/public/index.php')
CRITICAL - 2025-11-04 16:40:14 --> [Caused by] CodeIgniter\Database\Exceptions\DatabaseException: Duplicate entry 'bladimir@gmail.com' for key 'students.email'
in SYSTEMPATH/Database/MySQLi/Connection.php on line 332.
 1 SYSTEMPATH/Database/BaseConnection.php(729): CodeIgniter\Database\MySQLi\Connection->execute('INSERT INTO `students` (`first_name`, `last_name`, `email`, `created_at`, `updated_at`) VALUES (\'Bladimir\', \'Arroyo\', \'bladimir@gmail.com\', \'2025-11-04 16:40:14\', \'2025-11-04 16:40:14\')')
 2 SYSTEMPATH/Database/BaseConnection.php(646): CodeIgniter\Database\BaseConnection->simpleQuery('INSERT INTO `students` (`first_name`, `last_name`, `email`, `created_at`, `updated_at`) VALUES (\'Bladimir\', \'Arroyo\', \'bladimir@gmail.com\', \'2025-11-04 16:40:14\', \'2025-11-04 16:40:14\')')
 3 SYSTEMPATH/Database/BaseBuilder.php(2345): CodeIgniter\Database\BaseConnection->query('INSERT INTO `students` (`first_name`, `last_name`, `email`, `created_at`, `updated_at`) VALUES (:first_name:, :last_name:, :email:, :created_at:, :updated_at:)', [...], false)
 4 SYSTEMPATH/Model.php(394): CodeIgniter\Database\BaseBuilder->insert()
 5 SYSTEMPATH/BaseModel.php(838): CodeIgniter\Model->doInsert([...])
 6 SYSTEMPATH/Model.php(797): CodeIgniter\BaseModel->insert([...], false)
 7 SYSTEMPATH/BaseModel.php(751): CodeIgniter\Model->insert([...], false)
 8 APPPATH/Controllers/Student.php(28): CodeIgniter\BaseModel->save([...])
 9 SYSTEMPATH/CodeIgniter.php(933): App\Controllers\Student->store()
10 SYSTEMPATH/CodeIgniter.php(507): CodeIgniter\CodeIgniter->runController(Object(App\Controllers\Student))
11 SYSTEMPATH/CodeIgniter.php(354): CodeIgniter\CodeIgniter->handleRequest(null, Object(Config\Cache), false)
12 SYSTEMPATH/Boot.php(363): CodeIgniter\CodeIgniter->run()
13 SYSTEMPATH/Boot.php(68): CodeIgniter\Boot::runCodeIgniter(Object(CodeIgniter\CodeIgniter))
14 FCPATH/index.php(59): CodeIgniter\Boot::bootWeb(Object(Config\Paths))
15 SYSTEMPATH/rewrite.php(44): require_once('/Users/owner/dev/utn/isw613/week8/public/index.php')
CRITICAL - 2025-11-04 16:40:14 --> [Caused by] mysqli_sql_exception: Duplicate entry 'bladimir@gmail.com' for key 'students.email'
in SYSTEMPATH/Database/MySQLi/Connection.php on line 327.
 1 SYSTEMPATH/Database/MySQLi/Connection.php(327): mysqli->query('INSERT INTO `students` (`first_name`, `last_name`, `email`, `created_at`, `updated_at`) VALUES (\'Bladimir\', \'Arroyo\', \'bladimir@gmail.com\', \'2025-11-04 16:40:14\', \'2025-11-04 16:40:14\')', 0)
 2 SYSTEMPATH/Database/BaseConnection.php(729): CodeIgniter\Database\MySQLi\Connection->execute('INSERT INTO `students` (`first_name`, `last_name`, `email`, `created_at`, `updated_at`) VALUES (\'Bladimir\', \'Arroyo\', \'bladimir@gmail.com\', \'2025-11-04 16:40:14\', \'2025-11-04 16:40:14\')')
 3 SYSTEMPATH/Database/BaseConnection.php(646): CodeIgniter\Database\BaseConnection->simpleQuery('INSERT INTO `students` (`first_name`, `last_name`, `email`, `created_at`, `updated_at`) VALUES (\'Bladimir\', \'Arroyo\', \'bladimir@gmail.com\', \'2025-11-04 16:40:14\', \'2025-11-04 16:40:14\')')
 4 SYSTEMPATH/Database/BaseBuilder.php(2345): CodeIgniter\Database\BaseConnection->query('INSERT INTO `students` (`first_name`, `last_name`, `email`, `created_at`, `updated_at`) VALUES (:first_name:, :last_name:, :email:, :created_at:, :updated_at:)', [...], false)
 5 SYSTEMPATH/Model.php(394): CodeIgniter\Database\BaseBuilder->insert()
 6 SYSTEMPATH/BaseModel.php(838): CodeIgniter\Model->doInsert([...])
 7 SYSTEMPATH/Model.php(797): CodeIgniter\BaseModel->insert([...], false)
 8 SYSTEMPATH/BaseModel.php(751): CodeIgniter\Model->insert([...], false)
 9 APPPATH/Controllers/Student.php(28): CodeIgniter\BaseModel->save([...])
10 SYSTEMPATH/CodeIgniter.php(933): App\Controllers\Student->store()
11 SYSTEMPATH/CodeIgniter.php(507): CodeIgniter\CodeIgniter->runController(Object(App\Controllers\Student))
12 SYSTEMPATH/CodeIgniter.php(354): CodeIgniter\CodeIgniter->handleRequest(null, Object(Config\Cache), false)
13 SYSTEMPATH/Boot.php(363): CodeIgniter\CodeIgniter->run()
14 SYSTEMPATH/Boot.php(68): CodeIgniter\Boot::runCodeIgniter(Object(CodeIgniter\CodeIgniter))
15 FCPATH/index.php(59): CodeIgniter\Boot::bootWeb(Object(Config\Paths))
16 SYSTEMPATH/rewrite.php(44): require_once('/Users/owner/dev/utn/isw613/week8/public/index.php')
